{"numFailedTestSuites":1,"numFailedTests":2,"numPassedTestSuites":19,"numPassedTests":261,"numPendingTestSuites":0,"numPendingTests":0,"numRuntimeErrorTestSuites":0,"numTodoTests":0,"numTotalTestSuites":20,"numTotalTests":263,"openHandles":[],"snapshot":{"added":0,"didUpdate":false,"failure":false,"filesAdded":0,"filesRemoved":0,"filesRemovedList":[],"filesUnmatched":0,"filesUpdated":0,"matched":0,"total":0,"unchecked":0,"uncheckedKeysByFile":[],"unmatched":0,"updated":0},"startTime":1751147748507,"success":false,"testResults":[{"assertionResults":[{"ancestorTitles":["Yahoo Finance Client Data Transformation","transformBalanceSheetStatement"],"duration":5,"failureDetails":[],"failureMessages":[],"fullName":"Yahoo Finance Client Data Transformation transformBalanceSheetStatement should transform valid balance sheet statement","invocations":1,"location":null,"numPassingAsserts":1,"retryReasons":[],"status":"passed","title":"should transform valid balance sheet statement"},{"ancestorTitles":["Yahoo Finance Client Data Transformation","transformBalanceSheetStatement"],"duration":1,"failureDetails":[],"failureMessages":[],"fullName":"Yahoo Finance Client Data Transformation transformBalanceSheetStatement should handle missing optional fields","invocations":1,"location":null,"numPassingAsserts":4,"retryReasons":[],"status":"passed","title":"should handle missing optional fields"},{"ancestorTitles":["Yahoo Finance Client Data Transformation","transformBalanceSheetStatement"],"duration":1,"failureDetails":[],"failureMessages":[],"fullName":"Yahoo Finance Client Data Transformation transformBalanceSheetStatement should handle null and undefined values","invocations":1,"location":null,"numPassingAsserts":3,"retryReasons":[],"status":"passed","title":"should handle null and undefined values"},{"ancestorTitles":["Yahoo Finance Client Data Transformation","transformCashflowStatement"],"duration":1,"failureDetails":[],"failureMessages":[],"fullName":"Yahoo Finance Client Data Transformation transformCashflowStatement should transform valid cashflow statement","invocations":1,"location":null,"numPassingAsserts":1,"retryReasons":[],"status":"passed","title":"should transform valid cashflow statement"},{"ancestorTitles":["Yahoo Finance Client Data Transformation","transformCashflowStatement"],"duration":2,"failureDetails":[],"failureMessages":[],"fullName":"Yahoo Finance Client Data Transformation transformCashflowStatement should handle missing optional fields","invocations":1,"location":null,"numPassingAsserts":4,"retryReasons":[],"status":"passed","title":"should handle missing optional fields"},{"ancestorTitles":["Yahoo Finance Client Data Transformation","transformEarnings"],"duration":10,"failureDetails":[],"failureMessages":[],"fullName":"Yahoo Finance Client Data Transformation transformEarnings should transform valid earnings data","invocations":1,"location":null,"numPassingAsserts":6,"retryReasons":[],"status":"passed","title":"should transform valid earnings data"},{"ancestorTitles":["Yahoo Finance Client Data Transformation","transformEarnings"],"duration":1,"failureDetails":[],"failureMessages":[],"fullName":"Yahoo Finance Client Data Transformation transformEarnings should handle various date formats safely","invocations":1,"location":null,"numPassingAsserts":1,"retryReasons":[],"status":"passed","title":"should handle various date formats safely"},{"ancestorTitles":["Yahoo Finance Client Data Transformation","transformEarnings"],"duration":1,"failureDetails":[],"failureMessages":[],"fullName":"Yahoo Finance Client Data Transformation transformEarnings should handle missing or null values","invocations":1,"location":null,"numPassingAsserts":5,"retryReasons":[],"status":"passed","title":"should handle missing or null values"},{"ancestorTitles":["Yahoo Finance Client Data Transformation","transformPrice"],"duration":1,"failureDetails":[],"failureMessages":[],"fullName":"Yahoo Finance Client Data Transformation transformPrice should transform valid price data","invocations":1,"location":null,"numPassingAsserts":1,"retryReasons":[],"status":"passed","title":"should transform valid price data"},{"ancestorTitles":["Yahoo Finance Client Data Transformation","transformPrice"],"duration":1,"failureDetails":[],"failureMessages":[],"fullName":"Yahoo Finance Client Data Transformation transformPrice should handle various date formats safely","invocations":1,"location":null,"numPassingAsserts":2,"retryReasons":[],"status":"passed","title":"should handle various date formats safely"},{"ancestorTitles":["Yahoo Finance Client Data Transformation","transformPrice"],"duration":5,"failureDetails":[],"failureMessages":[],"fullName":"Yahoo Finance Client Data Transformation transformPrice should handle null and undefined values","invocations":1,"location":null,"numPassingAsserts":3,"retryReasons":[],"status":"passed","title":"should handle null and undefined values"},{"ancestorTitles":["Yahoo Finance Client Data Transformation","transformSummaryDetail"],"duration":1,"failureDetails":[],"failureMessages":[],"fullName":"Yahoo Finance Client Data Transformation transformSummaryDetail should transform valid summary detail data","invocations":1,"location":null,"numPassingAsserts":1,"retryReasons":[],"status":"passed","title":"should transform valid summary detail data"},{"ancestorTitles":["Yahoo Finance Client Data Transformation","transformSummaryDetail"],"duration":2,"failureDetails":[],"failureMessages":[],"fullName":"Yahoo Finance Client Data Transformation transformSummaryDetail should handle missing optional fields","invocations":1,"location":null,"numPassingAsserts":4,"retryReasons":[],"status":"passed","title":"should handle missing optional fields"},{"ancestorTitles":["Yahoo Finance Client Data Transformation","transformFinancialData"],"duration":2,"failureDetails":[],"failureMessages":[],"fullName":"Yahoo Finance Client Data Transformation transformFinancialData should transform valid financial data","invocations":1,"location":null,"numPassingAsserts":1,"retryReasons":[],"status":"passed","title":"should transform valid financial data"},{"ancestorTitles":["Yahoo Finance Client Data Transformation","transformFinancialData"],"duration":11,"failureDetails":[],"failureMessages":[],"fullName":"Yahoo Finance Client Data Transformation transformFinancialData should handle missing optional fields","invocations":1,"location":null,"numPassingAsserts":4,"retryReasons":[],"status":"passed","title":"should handle missing optional fields"},{"ancestorTitles":["Yahoo Finance Client Data Transformation","transformAssetProfile"],"duration":1,"failureDetails":[],"failureMessages":[],"fullName":"Yahoo Finance Client Data Transformation transformAssetProfile should transform valid asset profile data","invocations":1,"location":null,"numPassingAsserts":1,"retryReasons":[],"status":"passed","title":"should transform valid asset profile data"},{"ancestorTitles":["Yahoo Finance Client Data Transformation","transformAssetProfile"],"duration":1,"failureDetails":[],"failureMessages":[],"fullName":"Yahoo Finance Client Data Transformation transformAssetProfile should handle missing optional fields","invocations":1,"location":null,"numPassingAsserts":4,"retryReasons":[],"status":"passed","title":"should handle missing optional fields"},{"ancestorTitles":["Yahoo Finance Client Data Transformation","transformAssetProfile"],"duration":0,"failureDetails":[],"failureMessages":[],"fullName":"Yahoo Finance Client Data Transformation transformAssetProfile should handle various date formats safely","invocations":1,"location":null,"numPassingAsserts":2,"retryReasons":[],"status":"passed","title":"should handle various date formats safely"}],"endTime":1751147750430,"message":"","name":"/Users/philipclapper/workspace/ai-income-investor/__tests__/lib/financial/api/yahoo/data-transformation.test.ts","startTime":1751147749099,"status":"passed","summary":""},{"assertionResults":[{"ancestorTitles":["Form Validation and Error States","LotEntryForm Validation"],"duration":98,"failureDetails":[],"failureMessages":[],"fullName":"Form Validation and Error States LotEntryForm Validation should render and handle basic user interactions","invocations":1,"location":null,"numPassingAsserts":5,"retryReasons":[],"status":"passed","title":"should render and handle basic user interactions"},{"ancestorTitles":["Form Validation and Error States","LotEntryForm Validation"],"duration":43,"failureDetails":[],"failureMessages":[],"fullName":"Form Validation and Error States LotEntryForm Validation should calculate totals correctly with valid inputs","invocations":1,"location":null,"numPassingAsserts":1,"retryReasons":[],"status":"passed","title":"should calculate totals correctly with valid inputs"},{"ancestorTitles":["Form Validation and Error States","LotEntryForm Validation"],"duration":20,"failureDetails":[],"failureMessages":[],"fullName":"Form Validation and Error States LotEntryForm Validation should handle fractional shares correctly","invocations":1,"location":null,"numPassingAsserts":1,"retryReasons":[],"status":"passed","title":"should handle fractional shares correctly"},{"ancestorTitles":["Form Validation and Error States","LotEntryForm Validation"],"duration":22,"failureDetails":[],"failureMessages":[],"fullName":"Form Validation and Error States LotEntryForm Validation should handle multiple lots with correct totals","invocations":1,"location":null,"numPassingAsserts":3,"retryReasons":[],"status":"passed","title":"should handle multiple lots with correct totals"},{"ancestorTitles":["Form Validation and Error States","LotEntryForm Validation"],"duration":12,"failureDetails":[],"failureMessages":[],"fullName":"Form Validation and Error States LotEntryForm Validation should handle large numbers in calculations","invocations":1,"location":null,"numPassingAsserts":3,"retryReasons":[],"status":"passed","title":"should handle large numbers in calculations"},{"ancestorTitles":["Form Validation and Error States","LotEntryForm Validation"],"duration":10,"failureDetails":[],"failureMessages":[],"fullName":"Form Validation and Error States LotEntryForm Validation should handle small decimal values in calculations","invocations":1,"location":null,"numPassingAsserts":3,"retryReasons":[],"status":"passed","title":"should handle small decimal values in calculations"},{"ancestorTitles":["Form Validation and Error States","LotEntryForm Validation"],"duration":20,"failureDetails":[],"failureMessages":[],"fullName":"Form Validation and Error States LotEntryForm Validation should handle negative values appropriately","invocations":1,"location":null,"numPassingAsserts":3,"retryReasons":[],"status":"passed","title":"should handle negative values appropriately"},{"ancestorTitles":["Form Validation and Error States","LotEntryForm Validation"],"duration":13,"failureDetails":[],"failureMessages":[],"fullName":"Form Validation and Error States LotEntryForm Validation should handle zero values appropriately","invocations":1,"location":null,"numPassingAsserts":3,"retryReasons":[],"status":"passed","title":"should handle zero values appropriately"},{"ancestorTitles":["Form Validation and Error States","LotEntryForm Validation"],"duration":16,"failureDetails":[],"failureMessages":[],"fullName":"Form Validation and Error States LotEntryForm Validation should show lot totals when both quantity and price are provided","invocations":1,"location":null,"numPassingAsserts":1,"retryReasons":[],"status":"passed","title":"should show lot totals when both quantity and price are provided"},{"ancestorTitles":["Form Validation and Error States","LotEntryForm Validation"],"duration":26,"failureDetails":[],"failureMessages":[],"fullName":"Form Validation and Error States LotEntryForm Validation should not show lot total when either quantity or price is missing","invocations":1,"location":null,"numPassingAsserts":1,"retryReasons":[],"status":"passed","title":"should not show lot total when either quantity or price is missing"},{"ancestorTitles":["Form Validation and Error States","LotEntryForm Validation"],"duration":9,"failureDetails":[],"failureMessages":[],"fullName":"Form Validation and Error States LotEntryForm Validation should handle empty lots array correctly","invocations":1,"location":null,"numPassingAsserts":2,"retryReasons":[],"status":"passed","title":"should handle empty lots array correctly"}],"endTime":1751147750438,"message":"","name":"/Users/philipclapper/workspace/ai-income-investor/__tests__/components/form-validation.test.tsx","startTime":1751147749044,"status":"passed","summary":""},{"assertionResults":[{"ancestorTitles":["ModeToggle"],"duration":186,"failureDetails":[],"failureMessages":[],"fullName":"ModeToggle renders the toggle button","invocations":1,"location":null,"numPassingAsserts":1,"retryReasons":[],"status":"passed","title":"renders the toggle button"},{"ancestorTitles":["ModeToggle"],"duration":101,"failureDetails":[],"failureMessages":[],"fullName":"ModeToggle shows theme options when clicked","invocations":1,"location":null,"numPassingAsserts":4,"retryReasons":[],"status":"passed","title":"shows theme options when clicked"},{"ancestorTitles":["ModeToggle"],"duration":90,"failureDetails":[],"failureMessages":[],"fullName":"ModeToggle changes theme when option is selected","invocations":1,"location":null,"numPassingAsserts":1,"retryReasons":[],"status":"passed","title":"changes theme when option is selected"}],"endTime":1751147750481,"message":"","name":"/Users/philipclapper/workspace/ai-income-investor/components/mode-toggle.test.tsx","startTime":1751147749103,"status":"passed","summary":""},{"assertionResults":[{"ancestorTitles":["AddSecurityDialog"],"duration":183,"failureDetails":[],"failureMessages":[],"fullName":"AddSecurityDialog renders and opens dialog","invocations":1,"location":null,"numPassingAsserts":2,"retryReasons":[],"status":"passed","title":"renders and opens dialog"},{"ancestorTitles":["AddSecurityDialog"],"duration":112,"failureDetails":[],"failureMessages":[],"fullName":"AddSecurityDialog shows loading and displays search results","invocations":1,"location":null,"numPassingAsserts":2,"retryReasons":[],"status":"passed","title":"shows loading and displays search results"},{"ancestorTitles":["AddSecurityDialog"],"duration":63,"failureDetails":[],"failureMessages":[],"fullName":"AddSecurityDialog handles search error","invocations":1,"location":null,"numPassingAsserts":1,"retryReasons":[],"status":"passed","title":"handles search error"},{"ancestorTitles":["AddSecurityDialog"],"duration":106,"failureDetails":[],"failureMessages":[],"fullName":"AddSecurityDialog allows selecting a security","invocations":1,"location":null,"numPassingAsserts":3,"retryReasons":[],"status":"passed","title":"allows selecting a security"}],"endTime":1751147750605,"message":"","name":"/Users/philipclapper/workspace/ai-income-investor/components/portfolios/add-security-dialog.test.tsx","startTime":1751147749015,"status":"passed","summary":""},{"assertionResults":[{"ancestorTitles":["Yahoo Finance Client Error Handling","getQuoteSummary error handling"],"duration":9,"failureDetails":[],"failureMessages":[],"fullName":"Yahoo Finance Client Error Handling getQuoteSummary error handling should handle rate limit errors","invocations":1,"location":null,"numPassingAsserts":2,"retryReasons":[],"status":"passed","title":"should handle rate limit errors"},{"ancestorTitles":["Yahoo Finance Client Error Handling","getQuoteSummary error handling"],"duration":1,"failureDetails":[],"failureMessages":[],"fullName":"Yahoo Finance Client Error Handling getQuoteSummary error handling should handle rate limit errors with different casing","invocations":1,"location":null,"numPassingAsserts":1,"retryReasons":[],"status":"passed","title":"should handle rate limit errors with different casing"},{"ancestorTitles":["Yahoo Finance Client Error Handling","getQuoteSummary error handling"],"duration":4,"failureDetails":[],"failureMessages":[],"fullName":"Yahoo Finance Client Error Handling getQuoteSummary error handling should handle invalid symbol errors","invocations":1,"location":null,"numPassingAsserts":2,"retryReasons":[],"status":"passed","title":"should handle invalid symbol errors"},{"ancestorTitles":["Yahoo Finance Client Error Handling","getQuoteSummary error handling"],"duration":1,"failureDetails":[],"failureMessages":[],"fullName":"Yahoo Finance Client Error Handling getQuoteSummary error handling should handle symbol not found errors","invocations":1,"location":null,"numPassingAsserts":1,"retryReasons":[],"status":"passed","title":"should handle symbol not found errors"},{"ancestorTitles":["Yahoo Finance Client Error Handling","getQuoteSummary error handling"],"duration":1,"failureDetails":[],"failureMessages":[],"fullName":"Yahoo Finance Client Error Handling getQuoteSummary error handling should handle network errors","invocations":1,"location":null,"numPassingAsserts":1,"retryReasons":[],"status":"passed","title":"should handle network errors"},{"ancestorTitles":["Yahoo Finance Client Error Handling","getQuoteSummary error handling"],"duration":2,"failureDetails":[],"failureMessages":[],"fullName":"Yahoo Finance Client Error Handling getQuoteSummary error handling should handle connection errors","invocations":1,"location":null,"numPassingAsserts":1,"retryReasons":[],"status":"passed","title":"should handle connection errors"},{"ancestorTitles":["Yahoo Finance Client Error Handling","getQuoteSummary error handling"],"duration":2,"failureDetails":[],"failureMessages":[],"fullName":"Yahoo Finance Client Error Handling getQuoteSummary error handling should handle timeout errors","invocations":1,"location":null,"numPassingAsserts":1,"retryReasons":[],"status":"passed","title":"should handle timeout errors"},{"ancestorTitles":["Yahoo Finance Client Error Handling","getQuoteSummary error handling"],"duration":1,"failureDetails":[],"failureMessages":[],"fullName":"Yahoo Finance Client Error Handling getQuoteSummary error handling should handle timed out errors","invocations":1,"location":null,"numPassingAsserts":1,"retryReasons":[],"status":"passed","title":"should handle timed out errors"},{"ancestorTitles":["Yahoo Finance Client Error Handling","getQuoteSummary error handling"],"duration":1,"failureDetails":[],"failureMessages":[],"fullName":"Yahoo Finance Client Error Handling getQuoteSummary error handling should handle unknown errors as server errors","invocations":1,"location":null,"numPassingAsserts":1,"retryReasons":[],"status":"passed","title":"should handle unknown errors as server errors"},{"ancestorTitles":["Yahoo Finance Client Error Handling","getQuoteSummary error handling"],"duration":1,"failureDetails":[],"failureMessages":[],"fullName":"Yahoo Finance Client Error Handling getQuoteSummary error handling should handle non-Error objects","invocations":1,"location":null,"numPassingAsserts":1,"retryReasons":[],"status":"passed","title":"should handle non-Error objects"},{"ancestorTitles":["Yahoo Finance Client Error Handling","getQuoteSummary error handling"],"duration":6,"failureDetails":[],"failureMessages":[],"fullName":"Yahoo Finance Client Error Handling getQuoteSummary error handling should handle null/undefined responses","invocations":1,"location":null,"numPassingAsserts":1,"retryReasons":[],"status":"passed","title":"should handle null/undefined responses"},{"ancestorTitles":["Yahoo Finance Client Error Handling","getQuoteSummary error handling"],"duration":1,"failureDetails":[],"failureMessages":[],"fullName":"Yahoo Finance Client Error Handling getQuoteSummary error handling should handle empty responses","invocations":1,"location":null,"numPassingAsserts":1,"retryReasons":[],"status":"passed","title":"should handle empty responses"},{"ancestorTitles":["Yahoo Finance Client Error Handling","getQuoteSummary error handling"],"duration":0,"failureDetails":[],"failureMessages":[],"fullName":"Yahoo Finance Client Error Handling getQuoteSummary error handling should handle malformed responses","invocations":1,"location":null,"numPassingAsserts":1,"retryReasons":[],"status":"passed","title":"should handle malformed responses"},{"ancestorTitles":["Yahoo Finance Client Error Handling","getHistoricalData error handling"],"duration":1,"failureDetails":[],"failureMessages":[],"fullName":"Yahoo Finance Client Error Handling getHistoricalData error handling should handle rate limit errors","invocations":1,"location":null,"numPassingAsserts":1,"retryReasons":[],"status":"passed","title":"should handle rate limit errors"},{"ancestorTitles":["Yahoo Finance Client Error Handling","getHistoricalData error handling"],"duration":0,"failureDetails":[],"failureMessages":[],"fullName":"Yahoo Finance Client Error Handling getHistoricalData error handling should handle invalid symbol errors","invocations":1,"location":null,"numPassingAsserts":1,"retryReasons":[],"status":"passed","title":"should handle invalid symbol errors"},{"ancestorTitles":["Yahoo Finance Client Error Handling","getHistoricalData error handling"],"duration":1,"failureDetails":[],"failureMessages":[],"fullName":"Yahoo Finance Client Error Handling getHistoricalData error handling should handle network errors","invocations":1,"location":null,"numPassingAsserts":1,"retryReasons":[],"status":"passed","title":"should handle network errors"},{"ancestorTitles":["Yahoo Finance Client Error Handling","getHistoricalData error handling"],"duration":0,"failureDetails":[],"failureMessages":[],"fullName":"Yahoo Finance Client Error Handling getHistoricalData error handling should handle timeout errors","invocations":1,"location":null,"numPassingAsserts":1,"retryReasons":[],"status":"passed","title":"should handle timeout errors"},{"ancestorTitles":["Yahoo Finance Client Error Handling","getHistoricalData error handling"],"duration":0,"failureDetails":[],"failureMessages":[],"fullName":"Yahoo Finance Client Error Handling getHistoricalData error handling should handle invalid date ranges","invocations":1,"location":null,"numPassingAsserts":1,"retryReasons":[],"status":"passed","title":"should handle invalid date ranges"},{"ancestorTitles":["Yahoo Finance Client Error Handling","getHistoricalData error handling"],"duration":0,"failureDetails":[],"failureMessages":[],"fullName":"Yahoo Finance Client Error Handling getHistoricalData error handling should handle null/undefined responses","invocations":1,"location":null,"numPassingAsserts":1,"retryReasons":[],"status":"passed","title":"should handle null/undefined responses"},{"ancestorTitles":["Yahoo Finance Client Error Handling","getHistoricalData error handling"],"duration":0,"failureDetails":[],"failureMessages":[],"fullName":"Yahoo Finance Client Error Handling getHistoricalData error handling should handle empty responses","invocations":1,"location":null,"numPassingAsserts":1,"retryReasons":[],"status":"passed","title":"should handle empty responses"},{"ancestorTitles":["Yahoo Finance Client Error Handling","search error handling"],"duration":1,"failureDetails":[],"failureMessages":[],"fullName":"Yahoo Finance Client Error Handling search error handling should handle rate limit errors","invocations":1,"location":null,"numPassingAsserts":1,"retryReasons":[],"status":"passed","title":"should handle rate limit errors"},{"ancestorTitles":["Yahoo Finance Client Error Handling","search error handling"],"duration":0,"failureDetails":[],"failureMessages":[],"fullName":"Yahoo Finance Client Error Handling search error handling should handle network errors","invocations":1,"location":null,"numPassingAsserts":1,"retryReasons":[],"status":"passed","title":"should handle network errors"},{"ancestorTitles":["Yahoo Finance Client Error Handling","search error handling"],"duration":1,"failureDetails":[],"failureMessages":[],"fullName":"Yahoo Finance Client Error Handling search error handling should handle timeout errors","invocations":1,"location":null,"numPassingAsserts":1,"retryReasons":[],"status":"passed","title":"should handle timeout errors"},{"ancestorTitles":["Yahoo Finance Client Error Handling","search error handling"],"duration":0,"failureDetails":[],"failureMessages":[],"fullName":"Yahoo Finance Client Error Handling search error handling should handle null/undefined responses","invocations":1,"location":null,"numPassingAsserts":1,"retryReasons":[],"status":"passed","title":"should handle null/undefined responses"},{"ancestorTitles":["Yahoo Finance Client Error Handling","search error handling"],"duration":0,"failureDetails":[],"failureMessages":[],"fullName":"Yahoo Finance Client Error Handling search error handling should handle empty responses","invocations":1,"location":null,"numPassingAsserts":1,"retryReasons":[],"status":"passed","title":"should handle empty responses"},{"ancestorTitles":["Yahoo Finance Client Error Handling","search error handling"],"duration":1,"failureDetails":[],"failureMessages":[],"fullName":"Yahoo Finance Client Error Handling search error handling should handle malformed responses","invocations":1,"location":null,"numPassingAsserts":1,"retryReasons":[],"status":"passed","title":"should handle malformed responses"},{"ancestorTitles":["Yahoo Finance Client Error Handling","cache error handling"],"duration":0,"failureDetails":[],"failureMessages":[],"fullName":"Yahoo Finance Client Error Handling cache error handling should handle cache corruption gracefully","invocations":1,"location":null,"numPassingAsserts":2,"retryReasons":[],"status":"passed","title":"should handle cache corruption gracefully"},{"ancestorTitles":["Yahoo Finance Client Error Handling","cache error handling"],"duration":0,"failureDetails":[],"failureMessages":[],"fullName":"Yahoo Finance Client Error Handling cache error handling should handle cache size limits","invocations":1,"location":null,"numPassingAsserts":1,"retryReasons":[],"status":"passed","title":"should handle cache size limits"},{"ancestorTitles":["Yahoo Finance Client Error Handling","cache error handling"],"duration":1,"failureDetails":[],"failureMessages":[],"fullName":"Yahoo Finance Client Error Handling cache error handling should handle disabled cache","invocations":1,"location":null,"numPassingAsserts":2,"retryReasons":[],"status":"passed","title":"should handle disabled cache"},{"ancestorTitles":["Yahoo Finance Client Error Handling","retry mechanism error handling"],"duration":36,"failureDetails":[],"failureMessages":[],"fullName":"Yahoo Finance Client Error Handling retry mechanism error handling should handle exponential backoff when enabled","invocations":1,"location":null,"numPassingAsserts":2,"retryReasons":[],"status":"passed","title":"should handle exponential backoff when enabled"},{"ancestorTitles":["Yahoo Finance Client Error Handling","retry mechanism error handling"],"duration":25,"failureDetails":[],"failureMessages":[],"fullName":"Yahoo Finance Client Error Handling retry mechanism error handling should handle retry exhaustion","invocations":1,"location":null,"numPassingAsserts":2,"retryReasons":[],"status":"passed","title":"should handle retry exhaustion"},{"ancestorTitles":["Yahoo Finance Client Error Handling","retry mechanism error handling"],"duration":1,"failureDetails":[],"failureMessages":[],"fullName":"Yahoo Finance Client Error Handling retry mechanism error handling should not retry non-crumb errors","invocations":1,"location":null,"numPassingAsserts":2,"retryReasons":[],"status":"passed","title":"should not retry non-crumb errors"},{"ancestorTitles":["Yahoo Finance Client Error Handling","data validation error handling"],"duration":1,"failureDetails":[],"failureMessages":[],"fullName":"Yahoo Finance Client Error Handling data validation error handling should handle malformed earnings data","invocations":1,"location":null,"numPassingAsserts":1,"retryReasons":[],"status":"passed","title":"should handle malformed earnings data"},{"ancestorTitles":["Yahoo Finance Client Error Handling","data validation error handling"],"duration":0,"failureDetails":[],"failureMessages":[],"fullName":"Yahoo Finance Client Error Handling data validation error handling should handle malformed balance sheet data","invocations":1,"location":null,"numPassingAsserts":1,"retryReasons":[],"status":"passed","title":"should handle malformed balance sheet data"},{"ancestorTitles":["Yahoo Finance Client Error Handling","edge cases and boundary conditions"],"duration":1,"failureDetails":[],"failureMessages":[],"fullName":"Yahoo Finance Client Error Handling edge cases and boundary conditions should handle empty symbol","invocations":1,"location":null,"numPassingAsserts":1,"retryReasons":[],"status":"passed","title":"should handle empty symbol"},{"ancestorTitles":["Yahoo Finance Client Error Handling","edge cases and boundary conditions"],"duration":0,"failureDetails":[],"failureMessages":[],"fullName":"Yahoo Finance Client Error Handling edge cases and boundary conditions should handle very long symbols","invocations":1,"location":null,"numPassingAsserts":1,"retryReasons":[],"status":"passed","title":"should handle very long symbols"},{"ancestorTitles":["Yahoo Finance Client Error Handling","edge cases and boundary conditions"],"duration":0,"failureDetails":[],"failureMessages":[],"fullName":"Yahoo Finance Client Error Handling edge cases and boundary conditions should handle special characters in symbols","invocations":1,"location":null,"numPassingAsserts":1,"retryReasons":[],"status":"passed","title":"should handle special characters in symbols"},{"ancestorTitles":["Yahoo Finance Client Error Handling","edge cases and boundary conditions"],"duration":1,"failureDetails":[],"failureMessages":[],"fullName":"Yahoo Finance Client Error Handling edge cases and boundary conditions should handle concurrent requests","invocations":1,"location":null,"numPassingAsserts":4,"retryReasons":[],"status":"passed","title":"should handle concurrent requests"},{"ancestorTitles":["Yahoo Finance Client Error Handling","edge cases and boundary conditions"],"duration":0,"failureDetails":[],"failureMessages":[],"fullName":"Yahoo Finance Client Error Handling edge cases and boundary conditions should handle memory pressure scenarios","invocations":1,"location":null,"numPassingAsserts":1,"retryReasons":[],"status":"passed","title":"should handle memory pressure scenarios"}],"endTime":1751147750772,"message":"","name":"/Users/philipclapper/workspace/ai-income-investor/__tests__/lib/financial/api/yahoo/error-handling.test.ts","startTime":1751147750499,"status":"passed","summary":""},{"assertionResults":[{"ancestorTitles":["portfolioAnalyticsService","calculatePortfolioAnalytics"],"duration":2,"failureDetails":[],"failureMessages":[],"fullName":"portfolioAnalyticsService calculatePortfolioAnalytics should calculate complete portfolio analytics","invocations":1,"location":null,"numPassingAsserts":4,"retryReasons":[],"status":"passed","title":"should calculate complete portfolio analytics"},{"ancestorTitles":["portfolioAnalyticsService","calculatePortfolioAnalytics"],"duration":1,"failureDetails":[],"failureMessages":[],"fullName":"portfolioAnalyticsService calculatePortfolioAnalytics should handle null portfolio","invocations":1,"location":null,"numPassingAsserts":6,"retryReasons":[],"status":"passed","title":"should handle null portfolio"},{"ancestorTitles":["portfolioAnalyticsService","calculatePortfolioAnalytics"],"duration":1,"failureDetails":[],"failureMessages":[],"fullName":"portfolioAnalyticsService calculatePortfolioAnalytics should handle portfolio with no securities","invocations":1,"location":null,"numPassingAsserts":5,"retryReasons":[],"status":"passed","title":"should handle portfolio with no securities"},{"ancestorTitles":["portfolioAnalyticsService","calculatePortfolioAnalytics"],"duration":1,"failureDetails":[],"failureMessages":[],"fullName":"portfolioAnalyticsService calculatePortfolioAnalytics should handle portfolio with undefined securities","invocations":1,"location":null,"numPassingAsserts":2,"retryReasons":[],"status":"passed","title":"should handle portfolio with undefined securities"},{"ancestorTitles":["portfolioAnalyticsService","calculatePortfolioAnalytics"],"duration":15,"failureDetails":[],"failureMessages":[],"fullName":"portfolioAnalyticsService calculatePortfolioAnalytics should handle dividend service errors gracefully","invocations":1,"location":null,"numPassingAsserts":1,"retryReasons":[],"status":"passed","title":"should handle dividend service errors gracefully"},{"ancestorTitles":["portfolioAnalyticsService","calculatePortfolioValue"],"duration":0,"failureDetails":[],"failureMessages":[],"fullName":"portfolioAnalyticsService calculatePortfolioValue should calculate portfolio value correctly","invocations":1,"location":null,"numPassingAsserts":4,"retryReasons":[],"status":"passed","title":"should calculate portfolio value correctly"},{"ancestorTitles":["portfolioAnalyticsService","calculatePortfolioValue"],"duration":1,"failureDetails":[],"failureMessages":[],"fullName":"portfolioAnalyticsService calculatePortfolioValue should calculate individual security values","invocations":1,"location":null,"numPassingAsserts":9,"retryReasons":[],"status":"passed","title":"should calculate individual security values"},{"ancestorTitles":["portfolioAnalyticsService","calculatePortfolioValue"],"duration":1,"failureDetails":[],"failureMessages":[],"fullName":"portfolioAnalyticsService calculatePortfolioValue should calculate day change metrics","invocations":1,"location":null,"numPassingAsserts":4,"retryReasons":[],"status":"passed","title":"should calculate day change metrics"},{"ancestorTitles":["portfolioAnalyticsService","calculatePortfolioValue"],"duration":0,"failureDetails":[],"failureMessages":[],"fullName":"portfolioAnalyticsService calculatePortfolioValue should handle cash securities","invocations":1,"location":null,"numPassingAsserts":6,"retryReasons":[],"status":"passed","title":"should handle cash securities"},{"ancestorTitles":["portfolioAnalyticsService","calculatePortfolioValue"],"duration":0,"failureDetails":[],"failureMessages":[],"fullName":"portfolioAnalyticsService calculatePortfolioValue should handle securities with missing data","invocations":1,"location":null,"numPassingAsserts":3,"retryReasons":[],"status":"passed","title":"should handle securities with missing data"},{"ancestorTitles":["portfolioAnalyticsService","calculatePortfolioValue"],"duration":0,"failureDetails":[],"failureMessages":[],"fullName":"portfolioAnalyticsService calculatePortfolioValue should calculate portfolio metrics correctly","invocations":1,"location":null,"numPassingAsserts":6,"retryReasons":[],"status":"passed","title":"should calculate portfolio metrics correctly"},{"ancestorTitles":["portfolioAnalyticsService","calculatePortfolioMetrics"],"duration":1,"failureDetails":[],"failureMessages":[],"fullName":"portfolioAnalyticsService calculatePortfolioMetrics should calculate weighted averages correctly","invocations":1,"location":null,"numPassingAsserts":4,"retryReasons":[],"status":"passed","title":"should calculate weighted averages correctly"},{"ancestorTitles":["portfolioAnalyticsService","calculatePortfolioMetrics"],"duration":0,"failureDetails":[],"failureMessages":[],"fullName":"portfolioAnalyticsService calculatePortfolioMetrics should handle securities with missing metrics","invocations":1,"location":null,"numPassingAsserts":4,"retryReasons":[],"status":"passed","title":"should handle securities with missing metrics"},{"ancestorTitles":["portfolioAnalyticsService","calculatePortfolioMetrics"],"duration":0,"failureDetails":[],"failureMessages":[],"fullName":"portfolioAnalyticsService calculatePortfolioMetrics should handle zero total value","invocations":1,"location":null,"numPassingAsserts":5,"retryReasons":[],"status":"passed","title":"should handle zero total value"},{"ancestorTitles":["portfolioAnalyticsService","formatCurrency"],"duration":3,"failureDetails":[],"failureMessages":[],"fullName":"portfolioAnalyticsService formatCurrency should format positive numbers correctly","invocations":1,"location":null,"numPassingAsserts":3,"retryReasons":[],"status":"passed","title":"should format positive numbers correctly"},{"ancestorTitles":["portfolioAnalyticsService","formatCurrency"],"duration":0,"failureDetails":[],"failureMessages":[],"fullName":"portfolioAnalyticsService formatCurrency should format negative numbers correctly","invocations":1,"location":null,"numPassingAsserts":2,"retryReasons":[],"status":"passed","title":"should format negative numbers correctly"},{"ancestorTitles":["portfolioAnalyticsService","formatCurrency"],"duration":0,"failureDetails":[],"failureMessages":[],"fullName":"portfolioAnalyticsService formatCurrency should handle very large numbers","invocations":1,"location":null,"numPassingAsserts":1,"retryReasons":[],"status":"passed","title":"should handle very large numbers"},{"ancestorTitles":["portfolioAnalyticsService","formatCurrency"],"duration":1,"failureDetails":[],"failureMessages":[],"fullName":"portfolioAnalyticsService formatCurrency should handle very small numbers","invocations":1,"location":null,"numPassingAsserts":2,"retryReasons":[],"status":"passed","title":"should handle very small numbers"},{"ancestorTitles":["portfolioAnalyticsService","formatPercentage"],"duration":0,"failureDetails":[],"failureMessages":[],"fullName":"portfolioAnalyticsService formatPercentage should format positive percentages correctly","invocations":1,"location":null,"numPassingAsserts":3,"retryReasons":[],"status":"passed","title":"should format positive percentages correctly"},{"ancestorTitles":["portfolioAnalyticsService","formatPercentage"],"duration":0,"failureDetails":[],"failureMessages":[],"fullName":"portfolioAnalyticsService formatPercentage should format negative percentages correctly","invocations":1,"location":null,"numPassingAsserts":2,"retryReasons":[],"status":"passed","title":"should format negative percentages correctly"},{"ancestorTitles":["portfolioAnalyticsService","formatPercentage"],"duration":0,"failureDetails":[],"failureMessages":[],"fullName":"portfolioAnalyticsService formatPercentage should handle very large percentages","invocations":1,"location":null,"numPassingAsserts":1,"retryReasons":[],"status":"passed","title":"should handle very large percentages"},{"ancestorTitles":["portfolioAnalyticsService","formatPercentage"],"duration":0,"failureDetails":[],"failureMessages":[],"fullName":"portfolioAnalyticsService formatPercentage should handle very small percentages","invocations":1,"location":null,"numPassingAsserts":2,"retryReasons":[],"status":"passed","title":"should handle very small percentages"},{"ancestorTitles":["portfolioAnalyticsService","edge cases and error handling"],"duration":0,"failureDetails":[],"failureMessages":[],"fullName":"portfolioAnalyticsService edge cases and error handling should handle securities with zero price","invocations":1,"location":null,"numPassingAsserts":3,"retryReasons":[],"status":"passed","title":"should handle securities with zero price"},{"ancestorTitles":["portfolioAnalyticsService","edge cases and error handling"],"duration":0,"failureDetails":[],"failureMessages":[],"fullName":"portfolioAnalyticsService edge cases and error handling should handle securities with negative price","invocations":1,"location":null,"numPassingAsserts":2,"retryReasons":[],"status":"passed","title":"should handle securities with negative price"},{"ancestorTitles":["portfolioAnalyticsService","edge cases and error handling"],"duration":1,"failureDetails":[],"failureMessages":[],"fullName":"portfolioAnalyticsService edge cases and error handling should handle securities with zero shares","invocations":1,"location":null,"numPassingAsserts":4,"retryReasons":[],"status":"passed","title":"should handle securities with zero shares"},{"ancestorTitles":["portfolioAnalyticsService","edge cases and error handling"],"duration":0,"failureDetails":[],"failureMessages":[],"fullName":"portfolioAnalyticsService edge cases and error handling should handle securities with undefined prev_close","invocations":1,"location":null,"numPassingAsserts":2,"retryReasons":[],"status":"passed","title":"should handle securities with undefined prev_close"},{"ancestorTitles":["portfolioAnalyticsService","edge cases and error handling"],"duration":0,"failureDetails":[],"failureMessages":[],"fullName":"portfolioAnalyticsService edge cases and error handling should handle securities with zero prev_close","invocations":1,"location":null,"numPassingAsserts":2,"retryReasons":[],"status":"passed","title":"should handle securities with zero prev_close"}],"endTime":1751147750788,"message":"","name":"/Users/philipclapper/workspace/ai-income-investor/__tests__/services/portfolioAnalyticsService.test.ts","startTime":1751147750625,"status":"passed","summary":""},{"assertionResults":[{"ancestorTitles":["PortfolioRebalancingService","analyzePortfolioRebalancing"],"duration":6,"failureDetails":[],"failureMessages":[],"fullName":"PortfolioRebalancingService analyzePortfolioRebalancing should analyze portfolio rebalancing successfully","invocations":1,"location":null,"numPassingAsserts":6,"retryReasons":[],"status":"passed","title":"should analyze portfolio rebalancing successfully"},{"ancestorTitles":["PortfolioRebalancingService","analyzePortfolioRebalancing"],"duration":0,"failureDetails":[],"failureMessages":[],"fullName":"PortfolioRebalancingService analyzePortfolioRebalancing should handle different risk profiles","invocations":1,"location":null,"numPassingAsserts":3,"retryReasons":[],"status":"passed","title":"should handle different risk profiles"},{"ancestorTitles":["PortfolioRebalancingService","analyzePortfolioRebalancing"],"duration":0,"failureDetails":[],"failureMessages":[],"fullName":"PortfolioRebalancingService analyzePortfolioRebalancing should handle portfolio with no securities","invocations":1,"location":null,"numPassingAsserts":3,"retryReasons":[],"status":"passed","title":"should handle portfolio with no securities"},{"ancestorTitles":["PortfolioRebalancingService","analyzePortfolioRebalancing"],"duration":1,"failureDetails":[],"failureMessages":[],"fullName":"PortfolioRebalancingService analyzePortfolioRebalancing should handle recommendation service errors gracefully","invocations":1,"location":null,"numPassingAsserts":1,"retryReasons":[],"status":"passed","title":"should handle recommendation service errors gracefully"},{"ancestorTitles":["PortfolioRebalancingService","analyzePortfolioRebalancing"],"duration":0,"failureDetails":[],"failureMessages":[],"fullName":"PortfolioRebalancingService analyzePortfolioRebalancing should handle errors in analyzePortfolioRebalancing","invocations":1,"location":null,"numPassingAsserts":2,"retryReasons":[],"status":"passed","title":"should handle errors in analyzePortfolioRebalancing"},{"ancestorTitles":["PortfolioRebalancingService","calculateTotalPortfolioValue"],"duration":1,"failureDetails":[],"failureMessages":[],"fullName":"PortfolioRebalancingService calculateTotalPortfolioValue should calculate total portfolio value correctly","invocations":1,"location":null,"numPassingAsserts":1,"retryReasons":[],"status":"passed","title":"should calculate total portfolio value correctly"},{"ancestorTitles":["PortfolioRebalancingService","calculateTotalPortfolioValue"],"duration":0,"failureDetails":[],"failureMessages":[],"fullName":"PortfolioRebalancingService calculateTotalPortfolioValue should handle zero shares","invocations":1,"location":null,"numPassingAsserts":1,"retryReasons":[],"status":"passed","title":"should handle zero shares"},{"ancestorTitles":["PortfolioRebalancingService","calculateCurrentAllocations"],"duration":0,"failureDetails":[],"failureMessages":[],"fullName":"PortfolioRebalancingService calculateCurrentAllocations should calculate current allocations correctly","invocations":1,"location":null,"numPassingAsserts":7,"retryReasons":[],"status":"passed","title":"should calculate current allocations correctly"},{"ancestorTitles":["PortfolioRebalancingService","calculateCurrentAllocations"],"duration":0,"failureDetails":[],"failureMessages":[],"fullName":"PortfolioRebalancingService calculateCurrentAllocations should handle zero total value","invocations":1,"location":null,"numPassingAsserts":2,"retryReasons":[],"status":"passed","title":"should handle zero total value"},{"ancestorTitles":["PortfolioRebalancingService","getRecommendationsForPortfolio"],"duration":0,"failureDetails":[],"failureMessages":[],"fullName":"PortfolioRebalancingService getRecommendationsForPortfolio should fetch recommendations for all securities","invocations":1,"location":null,"numPassingAsserts":4,"retryReasons":[],"status":"passed","title":"should fetch recommendations for all securities"},{"ancestorTitles":["PortfolioRebalancingService","getRecommendationsForPortfolio"],"duration":1,"failureDetails":[],"failureMessages":[],"fullName":"PortfolioRebalancingService getRecommendationsForPortfolio should handle missing recommendations with defaults","invocations":1,"location":null,"numPassingAsserts":5,"retryReasons":[],"status":"passed","title":"should handle missing recommendations with defaults"},{"ancestorTitles":["PortfolioRebalancingService","calculateTargetAllocations"],"duration":0,"failureDetails":[],"failureMessages":[],"fullName":"PortfolioRebalancingService calculateTargetAllocations should calculate target allocations for moderate risk profile","invocations":1,"location":null,"numPassingAsserts":4,"retryReasons":[],"status":"passed","title":"should calculate target allocations for moderate risk profile"},{"ancestorTitles":["PortfolioRebalancingService","calculateTargetAllocations"],"duration":0,"failureDetails":[],"failureMessages":[],"fullName":"PortfolioRebalancingService calculateTargetAllocations should adjust allocations based on recommendations","invocations":1,"location":null,"numPassingAsserts":1,"retryReasons":[],"status":"passed","title":"should adjust allocations based on recommendations"},{"ancestorTitles":["PortfolioRebalancingService","generateRebalancingSuggestions"],"duration":0,"failureDetails":[],"failureMessages":[],"fullName":"PortfolioRebalancingService generateRebalancingSuggestions should generate buy suggestions for underweight positions","invocations":1,"location":null,"numPassingAsserts":3,"retryReasons":[],"status":"passed","title":"should generate buy suggestions for underweight positions"},{"ancestorTitles":["PortfolioRebalancingService","generateRebalancingSuggestions"],"duration":0,"failureDetails":[],"failureMessages":[],"fullName":"PortfolioRebalancingService generateRebalancingSuggestions should generate sell suggestions for overweight positions","invocations":1,"location":null,"numPassingAsserts":2,"retryReasons":[],"status":"passed","title":"should generate sell suggestions for overweight positions"},{"ancestorTitles":["PortfolioRebalancingService","generateRebalancingSuggestions"],"duration":0,"failureDetails":[],"failureMessages":[],"fullName":"PortfolioRebalancingService generateRebalancingSuggestions should generate hold suggestions for balanced positions","invocations":1,"location":null,"numPassingAsserts":4,"retryReasons":[],"status":"passed","title":"should generate hold suggestions for balanced positions"},{"ancestorTitles":["PortfolioRebalancingService","calculateRebalancingSummary"],"duration":1,"failureDetails":[],"failureMessages":[],"fullName":"PortfolioRebalancingService calculateRebalancingSummary should calculate summary metrics correctly","invocations":1,"location":null,"numPassingAsserts":5,"retryReasons":[],"status":"passed","title":"should calculate summary metrics correctly"},{"ancestorTitles":["PortfolioRebalancingService","calculateRebalancingSummary"],"duration":0,"failureDetails":[],"failureMessages":[],"fullName":"PortfolioRebalancingService calculateRebalancingSummary should handle empty suggestions","invocations":1,"location":null,"numPassingAsserts":3,"retryReasons":[],"status":"passed","title":"should handle empty suggestions"},{"ancestorTitles":["PortfolioRebalancingService","Error handling"],"duration":7,"failureDetails":[],"failureMessages":[],"fullName":"PortfolioRebalancingService Error handling should handle invalid risk profile","invocations":1,"location":null,"numPassingAsserts":1,"retryReasons":[],"status":"passed","title":"should handle invalid risk profile"}],"endTime":1751147750916,"message":"","name":"/Users/philipclapper/workspace/ai-income-investor/__tests__/services/portfolioRebalancingService.test.ts","startTime":1751147750796,"status":"passed","summary":""},{"assertionResults":[{"ancestorTitles":["CSVUpload"],"duration":7,"failureDetails":[],"failureMessages":[],"fullName":"CSVUpload renders upload interface","invocations":1,"location":null,"numPassingAsserts":1,"retryReasons":[],"status":"passed","title":"renders upload interface"}],"endTime":1751147750917,"message":"","name":"/Users/philipclapper/workspace/ai-income-investor/components/portfolios/csv-upload.test.tsx","startTime":1751147750785,"status":"passed","summary":""},{"assertionResults":[{"ancestorTitles":["TechnicalAnalysisService","calculateSMA"],"duration":9,"failureDetails":[],"failureMessages":[],"fullName":"TechnicalAnalysisService calculateSMA should calculate Simple Moving Average correctly","invocations":1,"location":null,"numPassingAsserts":8,"retryReasons":[],"status":"passed","title":"should calculate Simple Moving Average correctly"},{"ancestorTitles":["TechnicalAnalysisService","calculateSMA"],"duration":1,"failureDetails":[],"failureMessages":[],"fullName":"TechnicalAnalysisService calculateSMA should handle edge cases","invocations":1,"location":null,"numPassingAsserts":3,"retryReasons":[],"status":"passed","title":"should handle edge cases"},{"ancestorTitles":["TechnicalAnalysisService","calculateSMA"],"duration":0,"failureDetails":[],"failureMessages":[],"fullName":"TechnicalAnalysisService calculateSMA should handle period of 1","invocations":1,"location":null,"numPassingAsserts":1,"retryReasons":[],"status":"passed","title":"should handle period of 1"},{"ancestorTitles":["TechnicalAnalysisService","calculateStochastic"],"duration":16,"failureDetails":[],"failureMessages":[],"fullName":"TechnicalAnalysisService calculateStochastic should calculate Stochastic Oscillator correctly","invocations":1,"location":null,"numPassingAsserts":104,"retryReasons":[],"status":"passed","title":"should calculate Stochastic Oscillator correctly"},{"ancestorTitles":["TechnicalAnalysisService","calculateStochastic"],"duration":1,"failureDetails":[],"failureMessages":[],"fullName":"TechnicalAnalysisService calculateStochastic should handle edge cases","invocations":1,"location":null,"numPassingAsserts":2,"retryReasons":[],"status":"passed","title":"should handle edge cases"},{"ancestorTitles":["TechnicalAnalysisService","calculateRSI"],"duration":0,"failureDetails":[],"failureMessages":[],"fullName":"TechnicalAnalysisService calculateRSI should calculate RSI correctly","invocations":1,"location":null,"numPassingAsserts":1,"retryReasons":[],"status":"passed","title":"should calculate RSI correctly"},{"ancestorTitles":["TechnicalAnalysisService","calculateRSI"],"duration":1,"failureDetails":[],"failureMessages":[],"fullName":"TechnicalAnalysisService calculateRSI should handle decreasing prices","invocations":1,"location":null,"numPassingAsserts":1,"retryReasons":[],"status":"passed","title":"should handle decreasing prices"},{"ancestorTitles":["TechnicalAnalysisService","calculateRSI"],"duration":0,"failureDetails":[],"failureMessages":[],"fullName":"TechnicalAnalysisService calculateRSI should handle edge cases","invocations":1,"location":null,"numPassingAsserts":1,"retryReasons":[],"status":"passed","title":"should handle edge cases"},{"ancestorTitles":["TechnicalAnalysisService","calculateRSI"],"duration":1,"failureDetails":[],"failureMessages":[],"fullName":"TechnicalAnalysisService calculateRSI should handle division by zero in RSI calculation","invocations":1,"location":null,"numPassingAsserts":1,"retryReasons":[],"status":"passed","title":"should handle division by zero in RSI calculation"},{"ancestorTitles":["TechnicalAnalysisService","calculateMACD"],"duration":3,"failureDetails":[],"failureMessages":[],"fullName":"TechnicalAnalysisService calculateMACD should calculate MACD correctly","invocations":1,"location":null,"numPassingAsserts":6,"retryReasons":[],"status":"passed","title":"should calculate MACD correctly"},{"ancestorTitles":["TechnicalAnalysisService","calculateMACD"],"duration":1,"failureDetails":[],"failureMessages":[],"fullName":"TechnicalAnalysisService calculateMACD should handle custom periods","invocations":1,"location":null,"numPassingAsserts":3,"retryReasons":[],"status":"passed","title":"should handle custom periods"},{"ancestorTitles":["TechnicalAnalysisService","calculateEMA"],"duration":5,"failureDetails":[],"failureMessages":[],"fullName":"TechnicalAnalysisService calculateEMA should calculate Exponential Moving Average correctly","invocations":1,"location":null,"numPassingAsserts":12,"retryReasons":[],"status":"passed","title":"should calculate Exponential Moving Average correctly"},{"ancestorTitles":["TechnicalAnalysisService","calculateBollingerBands"],"duration":7,"failureDetails":[],"failureMessages":[],"fullName":"TechnicalAnalysisService calculateBollingerBands should calculate Bollinger Bands correctly","invocations":1,"location":null,"numPassingAsserts":68,"retryReasons":[],"status":"passed","title":"should calculate Bollinger Bands correctly"},{"ancestorTitles":["TechnicalAnalysisService","generateSignals"],"duration":3,"failureDetails":[],"failureMessages":[],"fullName":"TechnicalAnalysisService generateSignals should generate technical indicators","invocations":1,"location":null,"numPassingAsserts":34,"retryReasons":[],"status":"passed","title":"should generate technical indicators"},{"ancestorTitles":["TechnicalAnalysisService","generateSignals"],"duration":1,"failureDetails":[],"failureMessages":[],"fullName":"TechnicalAnalysisService generateSignals should include RSI indicator","invocations":1,"location":null,"numPassingAsserts":2,"retryReasons":[],"status":"passed","title":"should include RSI indicator"},{"ancestorTitles":["TechnicalAnalysisService","generateSignals"],"duration":0,"failureDetails":[],"failureMessages":[],"fullName":"TechnicalAnalysisService generateSignals should include MACD indicator","invocations":1,"location":null,"numPassingAsserts":1,"retryReasons":[],"status":"passed","title":"should include MACD indicator"},{"ancestorTitles":["TechnicalAnalysisService","calculatePositionSizing"],"duration":1,"failureDetails":[],"failureMessages":[],"fullName":"TechnicalAnalysisService calculatePositionSizing should calculate position sizing correctly","invocations":1,"location":null,"numPassingAsserts":10,"retryReasons":[],"status":"passed","title":"should calculate position sizing correctly"},{"ancestorTitles":["TechnicalAnalysisService","calculatePositionSizing"],"duration":0,"failureDetails":[],"failureMessages":[],"fullName":"TechnicalAnalysisService calculatePositionSizing should handle mixed signals","invocations":1,"location":null,"numPassingAsserts":2,"retryReasons":[],"status":"passed","title":"should handle mixed signals"},{"ancestorTitles":["TechnicalAnalysisService","getTechnicalAnalysis"],"duration":2,"failureDetails":[],"failureMessages":[],"fullName":"TechnicalAnalysisService getTechnicalAnalysis should generate complete technical analysis","invocations":1,"location":null,"numPassingAsserts":14,"retryReasons":[],"status":"passed","title":"should generate complete technical analysis"},{"ancestorTitles":["TechnicalAnalysisService","getTechnicalAnalysis"],"duration":13,"failureDetails":[],"failureMessages":[],"fullName":"TechnicalAnalysisService getTechnicalAnalysis should handle API errors gracefully","invocations":1,"location":null,"numPassingAsserts":1,"retryReasons":[],"status":"passed","title":"should handle API errors gracefully"},{"ancestorTitles":["TechnicalAnalysisService","getTechnicalAnalysis"],"duration":8,"failureDetails":[],"failureMessages":[],"fullName":"TechnicalAnalysisService getTechnicalAnalysis should handle empty historical data","invocations":1,"location":null,"numPassingAsserts":1,"retryReasons":[],"status":"passed","title":"should handle empty historical data"},{"ancestorTitles":["TechnicalAnalysisService","batchAnalyzeSymbols"],"duration":4,"failureDetails":[],"failureMessages":[],"fullName":"TechnicalAnalysisService batchAnalyzeSymbols should analyze multiple symbols","invocations":1,"location":null,"numPassingAsserts":10,"retryReasons":[],"status":"passed","title":"should analyze multiple symbols"},{"ancestorTitles":["TechnicalAnalysisService","batchAnalyzeSymbols"],"duration":0,"failureDetails":[],"failureMessages":[],"fullName":"TechnicalAnalysisService batchAnalyzeSymbols should handle errors in batch analysis","invocations":1,"location":null,"numPassingAsserts":1,"retryReasons":[],"status":"passed","title":"should handle errors in batch analysis"},{"ancestorTitles":["TechnicalAnalysisService","getTopOpportunities"],"duration":104,"failureDetails":[],"failureMessages":[],"fullName":"TechnicalAnalysisService getTopOpportunities should return top buy opportunities","invocations":1,"location":null,"numPassingAsserts":1,"retryReasons":[],"status":"passed","title":"should return top buy opportunities"},{"ancestorTitles":["TechnicalAnalysisService","getTopOpportunities"],"duration":102,"failureDetails":[],"failureMessages":[],"fullName":"TechnicalAnalysisService getTopOpportunities should return top sell opportunities","invocations":1,"location":null,"numPassingAsserts":3,"retryReasons":[],"status":"passed","title":"should return top sell opportunities"},{"ancestorTitles":["TechnicalAnalysisService","getTopOpportunities"],"duration":0,"failureDetails":[],"failureMessages":[],"fullName":"TechnicalAnalysisService getTopOpportunities should handle insufficient data","invocations":1,"location":null,"numPassingAsserts":1,"retryReasons":[],"status":"passed","title":"should handle insufficient data"},{"ancestorTitles":["TechnicalAnalysisService","Error handling"],"duration":1,"failureDetails":[],"failureMessages":[],"fullName":"TechnicalAnalysisService Error handling should handle invalid parameters","invocations":1,"location":null,"numPassingAsserts":1,"retryReasons":[],"status":"passed","title":"should handle invalid parameters"},{"ancestorTitles":["TechnicalAnalysisService","Error handling"],"duration":0,"failureDetails":[],"failureMessages":[],"fullName":"TechnicalAnalysisService Error handling should handle division by zero in RSI calculation","invocations":1,"location":null,"numPassingAsserts":1,"retryReasons":[],"status":"passed","title":"should handle division by zero in RSI calculation"}],"endTime":1751147750955,"message":"","name":"/Users/philipclapper/workspace/ai-income-investor/__tests__/services/technicalAnalysisService.test.ts","startTime":1751147750455,"status":"passed","summary":""},{"assertionResults":[{"ancestorTitles":["MarketOverview"],"duration":45,"failureDetails":[],"failureMessages":[],"fullName":"MarketOverview renders loading state initially","invocations":1,"location":null,"numPassingAsserts":1,"retryReasons":[],"status":"passed","title":"renders loading state initially"},{"ancestorTitles":["MarketOverview"],"duration":6,"failureDetails":[],"failureMessages":[],"fullName":"MarketOverview renders error state when not authenticated","invocations":1,"location":null,"numPassingAsserts":1,"retryReasons":[],"status":"passed","title":"renders error state when not authenticated"},{"ancestorTitles":["MarketOverview"],"duration":48,"failureDetails":[],"failureMessages":[],"fullName":"MarketOverview displays market data with points change and percentage change","invocations":1,"location":null,"numPassingAsserts":9,"retryReasons":[],"status":"passed","title":"displays market data with points change and percentage change"},{"ancestorTitles":["MarketOverview"],"duration":5,"failureDetails":[],"failureMessages":[],"fullName":"MarketOverview handles API errors gracefully","invocations":1,"location":null,"numPassingAsserts":1,"retryReasons":[],"status":"passed","title":"handles API errors gracefully"}],"endTime":1751147750964,"message":"","name":"/Users/philipclapper/workspace/ai-income-investor/components/dashboard/market-overview.test.tsx","startTime":1751147749055,"status":"passed","summary":""},{"assertionResults":[{"ancestorTitles":["Financial API Errors","FinancialApiError"],"duration":1,"failureDetails":[],"failureMessages":[],"fullName":"Financial API Errors FinancialApiError should create a FinancialApiError with message and code","invocations":1,"location":null,"numPassingAsserts":4,"retryReasons":[],"status":"passed","title":"should create a FinancialApiError with message and code"},{"ancestorTitles":["Financial API Errors","FinancialApiError"],"duration":0,"failureDetails":[],"failureMessages":[],"fullName":"Financial API Errors FinancialApiError should create a FinancialApiError with original error","invocations":1,"location":null,"numPassingAsserts":1,"retryReasons":[],"status":"passed","title":"should create a FinancialApiError with original error"},{"ancestorTitles":["Financial API Errors","RateLimitError"],"duration":0,"failureDetails":[],"failureMessages":[],"fullName":"Financial API Errors RateLimitError should create a RateLimitError with default message","invocations":1,"location":null,"numPassingAsserts":3,"retryReasons":[],"status":"passed","title":"should create a RateLimitError with default message"},{"ancestorTitles":["Financial API Errors","RateLimitError"],"duration":0,"failureDetails":[],"failureMessages":[],"fullName":"Financial API Errors RateLimitError should create a RateLimitError with custom message","invocations":1,"location":null,"numPassingAsserts":2,"retryReasons":[],"status":"passed","title":"should create a RateLimitError with custom message"},{"ancestorTitles":["Financial API Errors","RateLimitError"],"duration":0,"failureDetails":[],"failureMessages":[],"fullName":"Financial API Errors RateLimitError should create a RateLimitError with original error","invocations":1,"location":null,"numPassingAsserts":1,"retryReasons":[],"status":"passed","title":"should create a RateLimitError with original error"},{"ancestorTitles":["Financial API Errors","InvalidSymbolError"],"duration":1,"failureDetails":[],"failureMessages":[],"fullName":"Financial API Errors InvalidSymbolError should create an InvalidSymbolError with symbol","invocations":1,"location":null,"numPassingAsserts":3,"retryReasons":[],"status":"passed","title":"should create an InvalidSymbolError with symbol"},{"ancestorTitles":["Financial API Errors","InvalidSymbolError"],"duration":0,"failureDetails":[],"failureMessages":[],"fullName":"Financial API Errors InvalidSymbolError should create an InvalidSymbolError with original error","invocations":1,"location":null,"numPassingAsserts":1,"retryReasons":[],"status":"passed","title":"should create an InvalidSymbolError with original error"},{"ancestorTitles":["Financial API Errors","NetworkError"],"duration":1,"failureDetails":[],"failureMessages":[],"fullName":"Financial API Errors NetworkError should create a NetworkError with default message","invocations":1,"location":null,"numPassingAsserts":3,"retryReasons":[],"status":"passed","title":"should create a NetworkError with default message"},{"ancestorTitles":["Financial API Errors","NetworkError"],"duration":0,"failureDetails":[],"failureMessages":[],"fullName":"Financial API Errors NetworkError should create a NetworkError with custom message","invocations":1,"location":null,"numPassingAsserts":2,"retryReasons":[],"status":"passed","title":"should create a NetworkError with custom message"},{"ancestorTitles":["Financial API Errors","TimeoutError"],"duration":0,"failureDetails":[],"failureMessages":[],"fullName":"Financial API Errors TimeoutError should create a TimeoutError with default message","invocations":1,"location":null,"numPassingAsserts":3,"retryReasons":[],"status":"passed","title":"should create a TimeoutError with default message"},{"ancestorTitles":["Financial API Errors","TimeoutError"],"duration":1,"failureDetails":[],"failureMessages":[],"fullName":"Financial API Errors TimeoutError should create a TimeoutError with custom message","invocations":1,"location":null,"numPassingAsserts":2,"retryReasons":[],"status":"passed","title":"should create a TimeoutError with custom message"},{"ancestorTitles":["Financial API Errors","ServerError"],"duration":0,"failureDetails":[],"failureMessages":[],"fullName":"Financial API Errors ServerError should create a ServerError with default message","invocations":1,"location":null,"numPassingAsserts":3,"retryReasons":[],"status":"passed","title":"should create a ServerError with default message"},{"ancestorTitles":["Financial API Errors","ServerError"],"duration":0,"failureDetails":[],"failureMessages":[],"fullName":"Financial API Errors ServerError should create a ServerError with custom message","invocations":1,"location":null,"numPassingAsserts":2,"retryReasons":[],"status":"passed","title":"should create a ServerError with custom message"},{"ancestorTitles":["Financial API Errors","DataValidationError"],"duration":0,"failureDetails":[],"failureMessages":[],"fullName":"Financial API Errors DataValidationError should create a DataValidationError with message","invocations":1,"location":null,"numPassingAsserts":3,"retryReasons":[],"status":"passed","title":"should create a DataValidationError with message"},{"ancestorTitles":["Financial API Errors","DataValidationError"],"duration":0,"failureDetails":[],"failureMessages":[],"fullName":"Financial API Errors DataValidationError should create a DataValidationError with original error","invocations":1,"location":null,"numPassingAsserts":1,"retryReasons":[],"status":"passed","title":"should create a DataValidationError with original error"},{"ancestorTitles":["Financial API Errors","handleYahooFinanceError"],"duration":4,"failureDetails":[],"failureMessages":[],"fullName":"Financial API Errors handleYahooFinanceError should re-throw FinancialApiError instances","invocations":1,"location":null,"numPassingAsserts":1,"retryReasons":[],"status":"passed","title":"should re-throw FinancialApiError instances"},{"ancestorTitles":["Financial API Errors","handleYahooFinanceError"],"duration":1,"failureDetails":[],"failureMessages":[],"fullName":"Financial API Errors handleYahooFinanceError should convert rate limit errors","invocations":1,"location":null,"numPassingAsserts":2,"retryReasons":[],"status":"passed","title":"should convert rate limit errors"},{"ancestorTitles":["Financial API Errors","handleYahooFinanceError"],"duration":1,"failureDetails":[],"failureMessages":[],"fullName":"Financial API Errors handleYahooFinanceError should convert rate limit errors with different casing","invocations":1,"location":null,"numPassingAsserts":2,"retryReasons":[],"status":"passed","title":"should convert rate limit errors with different casing"},{"ancestorTitles":["Financial API Errors","handleYahooFinanceError"],"duration":0,"failureDetails":[],"failureMessages":[],"fullName":"Financial API Errors handleYahooFinanceError should convert invalid symbol errors","invocations":1,"location":null,"numPassingAsserts":2,"retryReasons":[],"status":"passed","title":"should convert invalid symbol errors"},{"ancestorTitles":["Financial API Errors","handleYahooFinanceError"],"duration":0,"failureDetails":[],"failureMessages":[],"fullName":"Financial API Errors handleYahooFinanceError should convert not found errors","invocations":1,"location":null,"numPassingAsserts":2,"retryReasons":[],"status":"passed","title":"should convert not found errors"},{"ancestorTitles":["Financial API Errors","handleYahooFinanceError"],"duration":1,"failureDetails":[],"failureMessages":[],"fullName":"Financial API Errors handleYahooFinanceError should convert network errors","invocations":1,"location":null,"numPassingAsserts":2,"retryReasons":[],"status":"passed","title":"should convert network errors"},{"ancestorTitles":["Financial API Errors","handleYahooFinanceError"],"duration":0,"failureDetails":[],"failureMessages":[],"fullName":"Financial API Errors handleYahooFinanceError should convert connection errors","invocations":1,"location":null,"numPassingAsserts":2,"retryReasons":[],"status":"passed","title":"should convert connection errors"},{"ancestorTitles":["Financial API Errors","handleYahooFinanceError"],"duration":0,"failureDetails":[],"failureMessages":[],"fullName":"Financial API Errors handleYahooFinanceError should convert timeout errors","invocations":1,"location":null,"numPassingAsserts":2,"retryReasons":[],"status":"passed","title":"should convert timeout errors"},{"ancestorTitles":["Financial API Errors","handleYahooFinanceError"],"duration":1,"failureDetails":[],"failureMessages":[],"fullName":"Financial API Errors handleYahooFinanceError should convert timed out errors","invocations":1,"location":null,"numPassingAsserts":2,"retryReasons":[],"status":"passed","title":"should convert timed out errors"},{"ancestorTitles":["Financial API Errors","handleYahooFinanceError"],"duration":0,"failureDetails":[],"failureMessages":[],"fullName":"Financial API Errors handleYahooFinanceError should convert unknown errors to ServerError","invocations":1,"location":null,"numPassingAsserts":2,"retryReasons":[],"status":"passed","title":"should convert unknown errors to ServerError"},{"ancestorTitles":["Financial API Errors","handleYahooFinanceError"],"duration":0,"failureDetails":[],"failureMessages":[],"fullName":"Financial API Errors handleYahooFinanceError should handle non-Error objects","invocations":1,"location":null,"numPassingAsserts":2,"retryReasons":[],"status":"passed","title":"should handle non-Error objects"},{"ancestorTitles":["Financial API Errors","handleYahooFinanceError"],"duration":0,"failureDetails":[],"failureMessages":[],"fullName":"Financial API Errors handleYahooFinanceError should preserve original error in converted errors","invocations":1,"location":null,"numPassingAsserts":2,"retryReasons":[],"status":"passed","title":"should preserve original error in converted errors"},{"ancestorTitles":["Financial API Errors","validateResponse"],"duration":1,"failureDetails":[],"failureMessages":[],"fullName":"Financial API Errors validateResponse should pass validation for valid response","invocations":1,"location":null,"numPassingAsserts":1,"retryReasons":[],"status":"passed","title":"should pass validation for valid response"},{"ancestorTitles":["Financial API Errors","validateResponse"],"duration":4,"failureDetails":[],"failureMessages":[],"fullName":"Financial API Errors validateResponse should pass validation for response with truthy values","invocations":1,"location":null,"numPassingAsserts":2,"retryReasons":[],"status":"passed","title":"should pass validation for response with truthy values"},{"ancestorTitles":["Financial API Errors","validateResponse"],"duration":8,"failureDetails":[],"failureMessages":[],"fullName":"Financial API Errors validateResponse should throw DataValidationError for missing required fields","invocations":1,"location":null,"numPassingAsserts":2,"retryReasons":[],"status":"passed","title":"should throw DataValidationError for missing required fields"},{"ancestorTitles":["Financial API Errors","validateResponse"],"duration":1,"failureDetails":[],"failureMessages":[],"fullName":"Financial API Errors validateResponse should throw DataValidationError for null/undefined fields","invocations":1,"location":null,"numPassingAsserts":2,"retryReasons":[],"status":"passed","title":"should throw DataValidationError for null/undefined fields"},{"ancestorTitles":["Financial API Errors","validateResponse"],"duration":0,"failureDetails":[],"failureMessages":[],"fullName":"Financial API Errors validateResponse should include response and missing fields in error","invocations":1,"location":null,"numPassingAsserts":2,"retryReasons":[],"status":"passed","title":"should include response and missing fields in error"},{"ancestorTitles":["Financial API Errors","validateResponse"],"duration":0,"failureDetails":[],"failureMessages":[],"fullName":"Financial API Errors validateResponse should handle empty required fields array","invocations":1,"location":null,"numPassingAsserts":1,"retryReasons":[],"status":"passed","title":"should handle empty required fields array"},{"ancestorTitles":["Financial API Errors","validateResponse"],"duration":0,"failureDetails":[],"failureMessages":[],"fullName":"Financial API Errors validateResponse should handle empty response object","invocations":1,"location":null,"numPassingAsserts":1,"retryReasons":[],"status":"passed","title":"should handle empty response object"}],"endTime":1751147751046,"message":"","name":"/Users/philipclapper/workspace/ai-income-investor/__tests__/lib/financial/api/errors.test.ts","startTime":1751147750921,"status":"passed","summary":""},{"assertionResults":[{"ancestorTitles":["lotService","createLots"],"duration":1,"failureDetails":[],"failureMessages":[],"fullName":"lotService createLots should create lots successfully","invocations":1,"location":null,"numPassingAsserts":2,"retryReasons":[],"status":"passed","title":"should create lots successfully"},{"ancestorTitles":["lotService","createLots"],"duration":4,"failureDetails":[],"failureMessages":[],"fullName":"lotService createLots should throw error when no authentication token","invocations":1,"location":null,"numPassingAsserts":1,"retryReasons":[],"status":"passed","title":"should throw error when no authentication token"},{"ancestorTitles":["lotService","createLots"],"duration":10,"failureDetails":[],"failureMessages":[],"fullName":"lotService createLots should handle API errors","invocations":1,"location":null,"numPassingAsserts":1,"retryReasons":[],"status":"passed","title":"should handle API errors"},{"ancestorTitles":["lotService","createLots"],"duration":0,"failureDetails":[],"failureMessages":[],"fullName":"lotService createLots should handle network errors","invocations":1,"location":null,"numPassingAsserts":1,"retryReasons":[],"status":"passed","title":"should handle network errors"},{"ancestorTitles":["lotService","getLotsForSecurity"],"duration":2,"failureDetails":[],"failureMessages":[],"fullName":"lotService getLotsForSecurity should fetch lots successfully","invocations":1,"location":null,"numPassingAsserts":2,"retryReasons":[],"status":"passed","title":"should fetch lots successfully"},{"ancestorTitles":["lotService","getLotsForSecurity"],"duration":0,"failureDetails":[],"failureMessages":[],"fullName":"lotService getLotsForSecurity should throw error when no authentication token","invocations":1,"location":null,"numPassingAsserts":1,"retryReasons":[],"status":"passed","title":"should throw error when no authentication token"},{"ancestorTitles":["lotService","getLotsForSecurity"],"duration":3,"failureDetails":[],"failureMessages":[],"fullName":"lotService getLotsForSecurity should handle API errors","invocations":1,"location":null,"numPassingAsserts":1,"retryReasons":[],"status":"passed","title":"should handle API errors"},{"ancestorTitles":["lotService","getLotsForSecurity"],"duration":0,"failureDetails":[],"failureMessages":[],"fullName":"lotService getLotsForSecurity should handle invalid JSON responses","invocations":1,"location":null,"numPassingAsserts":1,"retryReasons":[],"status":"passed","title":"should handle invalid JSON responses"},{"ancestorTitles":["lotService","updateLot"],"duration":1,"failureDetails":[],"failureMessages":[],"fullName":"lotService updateLot should update lot successfully","invocations":1,"location":null,"numPassingAsserts":2,"retryReasons":[],"status":"passed","title":"should update lot successfully"},{"ancestorTitles":["lotService","updateLot"],"duration":0,"failureDetails":[],"failureMessages":[],"fullName":"lotService updateLot should throw error when no authentication token","invocations":1,"location":null,"numPassingAsserts":1,"retryReasons":[],"status":"passed","title":"should throw error when no authentication token"},{"ancestorTitles":["lotService","updateLot"],"duration":1,"failureDetails":[],"failureMessages":[],"fullName":"lotService updateLot should handle lot not found error","invocations":1,"location":null,"numPassingAsserts":1,"retryReasons":[],"status":"passed","title":"should handle lot not found error"},{"ancestorTitles":["lotService","updateLot"],"duration":0,"failureDetails":[],"failureMessages":[],"fullName":"lotService updateLot should handle API errors","invocations":1,"location":null,"numPassingAsserts":1,"retryReasons":[],"status":"passed","title":"should handle API errors"},{"ancestorTitles":["lotService","deleteLot"],"duration":1,"failureDetails":[],"failureMessages":[],"fullName":"lotService deleteLot should delete lot successfully","invocations":1,"location":null,"numPassingAsserts":1,"retryReasons":[],"status":"passed","title":"should delete lot successfully"},{"ancestorTitles":["lotService","deleteLot"],"duration":0,"failureDetails":[],"failureMessages":[],"fullName":"lotService deleteLot should throw error when no authentication token","invocations":1,"location":null,"numPassingAsserts":1,"retryReasons":[],"status":"passed","title":"should throw error when no authentication token"},{"ancestorTitles":["lotService","deleteLot"],"duration":0,"failureDetails":[],"failureMessages":[],"fullName":"lotService deleteLot should handle lot not found error","invocations":1,"location":null,"numPassingAsserts":1,"retryReasons":[],"status":"passed","title":"should handle lot not found error"},{"ancestorTitles":["lotService","deleteLot"],"duration":0,"failureDetails":[],"failureMessages":[],"fullName":"lotService deleteLot should handle API errors","invocations":1,"location":null,"numPassingAsserts":1,"retryReasons":[],"status":"passed","title":"should handle API errors"},{"ancestorTitles":["lotService","calculateTotals"],"duration":1,"failureDetails":[],"failureMessages":[],"fullName":"lotService calculateTotals should calculate totals successfully","invocations":1,"location":null,"numPassingAsserts":2,"retryReasons":[],"status":"passed","title":"should calculate totals successfully"},{"ancestorTitles":["lotService","calculateTotals"],"duration":0,"failureDetails":[],"failureMessages":[],"fullName":"lotService calculateTotals should handle database errors","invocations":1,"location":null,"numPassingAsserts":1,"retryReasons":[],"status":"passed","title":"should handle database errors"},{"ancestorTitles":["lotService","calculateTotals"],"duration":0,"failureDetails":[],"failureMessages":[],"fullName":"lotService calculateTotals should return default values when no data","invocations":1,"location":null,"numPassingAsserts":1,"retryReasons":[],"status":"passed","title":"should return default values when no data"},{"ancestorTitles":["lotService","calculateTotalsFromLots"],"duration":0,"failureDetails":[],"failureMessages":[],"fullName":"lotService calculateTotalsFromLots should calculate totals from lots correctly","invocations":1,"location":null,"numPassingAsserts":1,"retryReasons":[],"status":"passed","title":"should calculate totals from lots correctly"},{"ancestorTitles":["lotService","calculateTotalsFromLots"],"duration":0,"failureDetails":[],"failureMessages":[],"fullName":"lotService calculateTotalsFromLots should handle empty lots array","invocations":1,"location":null,"numPassingAsserts":1,"retryReasons":[],"status":"passed","title":"should handle empty lots array"},{"ancestorTitles":["lotService","calculateTotalsFromLots"],"duration":0,"failureDetails":[],"failureMessages":[],"fullName":"lotService calculateTotalsFromLots should handle si
[...]
s-visible:ring-offset-2 disabled:pointer-events-none disabled:opacity-50 border border-input bg-background hover:bg-accent hover:text-accent-foreground h-10 px-4 py-2\"\u001b[39m\n        \u001b[36m>\u001b[39m\n          \u001b[0mCancel\u001b[0m\n        \u001b[36m</button>\u001b[39m\n        \u001b[36m<button\u001b[39m\n          \u001b[33mclass\u001b[39m=\u001b[32m\"inline-flex items-center justify-center whitespace-nowrap rounded-md text-sm font-medium ring-offset-background transition-colors focus-visible:outline-none focus-visible:ring-2 focus-visible:ring-ring focus-visible:ring-offset-2 disabled:pointer-events-none disabled:opacity-50 bg-primary text-primary-foreground hover:bg-primary/90 h-10 px-4 py-2\"\u001b[39m\n        \u001b[36m>\u001b[39m\n          \u001b[0mAdd Security\u001b[0m\n        \u001b[36m</button>\u001b[39m\n      \u001b[36m</div>\u001b[39m\n      \u001b[36m<button\u001b[39m\n        \u001b[33mclass\u001b[39m=\u001b[32m\"absolute right-4 top-4 rounded-sm opacity-70 ring-offset-background transition-opacity hover:opacity-100 focus:outline-none focus:ring-2 focus:ring-ring focus:ring-offset-2 disabled:pointer-events-none data-[state=open]:bg-accent data-[state=open]:text-muted-foreground\"\u001b[39m\n        \u001b[33mtype\u001b[39m=\u001b[32m\"button\"\u001b[39m\n      \u001b[36m>\u001b[39m\n        \u001b[36m<svg\u001b[39m\n          \u001b[33mclass\u001b[39m=\u001b[32m\"lucide lucide-x h-4 w-4\"\u001b[39m\n          \u001b[33mfill\u001b[39m=\u001b[32m\"none\"\u001b[39m\n          \u001b[33mheight\u001b[39m=\u001b[32m\"24\"\u001b[39m\n          \u001b[33mstroke\u001b[39m=\u001b[32m\"currentColor\"\u001b[39m\n          \u001b[33mstroke-linecap\u001b[39m=\u001b[32m\"round\"\u001b[39m\n          \u001b[33mstroke-linejoin\u001b[39m=\u001b[32m\"round\"\u001b[39m\n          \u001b[33mstroke-width\u001b[39m=\u001b[32m\"2\"\u001b[39m\n          \u001b[33mviewBox\u001b[39m=\u001b[32m\"0 0 24 24\"\u001b[39m\n          \u001b[33mwidth\u001b[39m=\u001b[32m\"24\"\u001b[39m\n          \u001b[33mxmlns\u001b[39m=\u001b[32m\"http://www.w3.org/2000/svg\"\u001b[39m\n        \u001b[36m>\u001b[39m\n          \u001b[36m<path\u001b[39m\n            \u001b[33md\u001b[39m=\u001b[32m\"M18 6 6 18\"\u001b[39m\n          \u001b[36m/>\u001b[39m\n          \u001b[36m<path\u001b[39m\n            \u001b[33md\u001b[39m=\u001b[32m\"m6 6 12 12\"\u001b[39m\n          \u001b[36m/>\u001b[39m\n        \u001b[36m</svg>\u001b[39m\n        \u001b[36m<span\u001b[39m\n          \u001b[33mclass\u001b[39m=\u001b[32m\"sr-only\"\u001b[39m\n        \u001b[36m>\u001b[39m\n          \u001b[0mClose\u001b[0m\n        \u001b[36m</span>\u001b[39m\n      \u001b[36m</button>\u001b[39m\n    \u001b[36m</div>\u001b[39m\n  \u001b[36m</div>\u001b[39m\n  \u001b[36m<span\u001b[39m\n    \u001b[33maria-hidden\u001b[39m=\u001b[32m\"true\"\u001b[39m\n    \u001b[33mdata-aria-hidden\u001b[39m=\u001b[32m\"true\"\u001b[39m\n    \u001b[33mdata-radix-focus-guard\u001b[39m=\u001b[32m\"\"\u001b[39m\n    \u001b[33mstyle\u001b[39m=\u001b[32m\"outline: none; opacity: 0; position: fixed; pointer-events: none;\"\u001b[39m\n    \u001b[33mtabindex\u001b[39m=\u001b[32m\"0\"\u001b[39m\n  \u001b[36m/>\u001b[39m\n\u001b[36m</body>\u001b[39m\n    at waitForWrapper (/Users/philipclapper/workspace/ai-income-investor/node_modules/@testing-library/react/node_modules/@testing-library/dom/dist/wait-for.js:166:27)\n    at Object.<anonymous> (/Users/philipclapper/workspace/ai-income-investor/__tests__/components/add-security-dialog-integration.test.tsx:378:18)"],"fullName":"AddSecurityDialog Integration Tests should handle basic search and selection flow","invocations":1,"location":null,"numPassingAsserts":0,"retryReasons":[],"status":"failed","title":"should handle basic search and selection flow"},{"ancestorTitles":["AddSecurityDialog Integration Tests"],"duration":5,"failureDetails":[],"failureMessages":[],"fullName":"AddSecurityDialog Integration Tests should render the dialog correctly","invocations":1,"location":null,"numPassingAsserts":1,"retryReasons":[],"status":"passed","title":"should render the dialog correctly"},{"ancestorTitles":["AddSecurityDialog Integration Tests"],"duration":21,"failureDetails":[],"failureMessages":[],"fullName":"AddSecurityDialog Integration Tests should open dialog when trigger is clicked","invocations":1,"location":null,"numPassingAsserts":1,"retryReasons":[],"status":"passed","title":"should open dialog when trigger is clicked"}],"endTime":1751147759469,"message":"\u001b[1m\u001b[31m  \u001b[1m● \u001b[22m\u001b[1mAddSecurityDialog Integration Tests › should handle existing tickers validation\u001b[39m\u001b[22m\n\n    thrown: \"Exceeded timeout of 5000 ms for a test.\n    Add a timeout value to this test to increase the timeout, if this is a long-running test. See https://jestjs.io/docs/api#testname-fn-timeout.\"\n\u001b[2m\u001b[22m\n\u001b[2m    \u001b[0m \u001b[90m 287 |\u001b[39m   })\u001b[33m;\u001b[39m\u001b[22m\n\u001b[2m     \u001b[90m 288 |\u001b[39m\u001b[22m\n\u001b[2m    \u001b[31m\u001b[1m>\u001b[22m\u001b[2m\u001b[39m\u001b[90m 289 |\u001b[39m   it(\u001b[32m'should handle existing tickers validation'\u001b[39m\u001b[33m,\u001b[39m \u001b[36masync\u001b[39m () \u001b[33m=>\u001b[39m {\u001b[22m\n\u001b[2m     \u001b[90m     |\u001b[39m   \u001b[31m\u001b[1m^\u001b[22m\u001b[2m\u001b[39m\u001b[22m\n\u001b[2m     \u001b[90m 290 |\u001b[39m     \u001b[36mconst\u001b[39m user \u001b[33m=\u001b[39m userEvent\u001b[33m.\u001b[39msetup()\u001b[33m;\u001b[39m\u001b[22m\n\u001b[2m     \u001b[90m 291 |\u001b[39m\u001b[22m\n\u001b[2m     \u001b[90m 292 |\u001b[39m     \u001b[90m// Mock successful search\u001b[39m\u001b[0m\u001b[22m\n\u001b[2m\u001b[22m\n\u001b[2m      \u001b[2mat it (\u001b[22m\u001b[2m\u001b[0m\u001b[36m__tests__/components/add-security-dialog-integration.test.tsx\u001b[39m\u001b[0m\u001b[2m:289:3)\u001b[22m\u001b[2m\u001b[22m\n\u001b[2m      \u001b[2mat Object.describe (\u001b[22m\u001b[2m\u001b[0m\u001b[36m__tests__/components/add-security-dialog-integration.test.tsx\u001b[39m\u001b[0m\u001b[2m:36:1)\u001b[22m\u001b[2m\u001b[22m\n\n\u001b[1m\u001b[31m  \u001b[1m● \u001b[22m\u001b[1mAddSecurityDialog Integration Tests › should handle basic search and selection flow\u001b[39m\u001b[22m\n\n    Unable to find an element with the text: AAPL. This could be because the text is broken up by multiple elements. In this case, you can provide a function for your text matcher to make your matcher more flexible.\n\n    Ignored nodes: comments, script, style\n    \u001b[36m<body\u001b[39m\n      \u001b[33mdata-scroll-locked\u001b[39m=\u001b[32m\"1\"\u001b[39m\n      \u001b[33mstyle\u001b[39m=\u001b[32m\"pointer-events: none;\"\u001b[39m\n    \u001b[36m>\u001b[39m\n      \u001b[36m<span\u001b[39m\n        \u001b[33maria-hidden\u001b[39m=\u001b[32m\"true\"\u001b[39m\n        \u001b[33mdata-aria-hidden\u001b[39m=\u001b[32m\"true\"\u001b[39m\n        \u001b[33mdata-radix-focus-guard\u001b[39m=\u001b[32m\"\"\u001b[39m\n        \u001b[33mstyle\u001b[39m=\u001b[32m\"outline: none; opacity: 0; position: fixed; pointer-events: none;\"\u001b[39m\n        \u001b[33mtabindex\u001b[39m=\u001b[32m\"0\"\u001b[39m\n      \u001b[36m/>\u001b[39m\n      \u001b[36m<div>\u001b[39m\n        \u001b[36m<button\u001b[39m\n          \u001b[33maria-controls\u001b[39m=\u001b[32m\"radix-:ri:\"\u001b[39m\n          \u001b[33maria-expanded\u001b[39m=\u001b[32m\"true\"\u001b[39m\n          \u001b[33maria-haspopup\u001b[39m=\u001b[32m\"dialog\"\u001b[39m\n          \u001b[33maria-hidden\u001b[39m=\u001b[32m\"true\"\u001b[39m\n          \u001b[33mclass\u001b[39m=\u001b[32m\"inline-flex items-center justify-center whitespace-nowrap rounded-md text-sm font-medium ring-offset-background transition-colors focus-visible:outline-none focus-visible:ring-2 focus-visible:ring-ring focus-visible:ring-offset-2 disabled:pointer-events-none disabled:opacity-50 bg-primary text-primary-foreground hover:bg-primary/90 h-10 px-4 py-2\"\u001b[39m\n          \u001b[33mdata-aria-hidden\u001b[39m=\u001b[32m\"true\"\u001b[39m\n          \u001b[33mdata-state\u001b[39m=\u001b[32m\"open\"\u001b[39m\n          \u001b[33mtype\u001b[39m=\u001b[32m\"button\"\u001b[39m\n        \u001b[36m>\u001b[39m\n          \u001b[0mAdd Security\u001b[0m\n        \u001b[36m</button>\u001b[39m\n        \u001b[36m<div\u001b[39m\n          \u001b[33maria-hidden\u001b[39m=\u001b[32m\"true\"\u001b[39m\n          \u001b[33mclass\u001b[39m=\u001b[32m\"fixed inset-0 z-50 bg-black/80 data-[state=open]:animate-in data-[state=closed]:animate-out data-[state=closed]:fade-out-0 data-[state=open]:fade-in-0\"\u001b[39m\n          \u001b[33mdata-aria-hidden\u001b[39m=\u001b[32m\"true\"\u001b[39m\n          \u001b[33mdata-state\u001b[39m=\u001b[32m\"open\"\u001b[39m\n          \u001b[33mstyle\u001b[39m=\u001b[32m\"pointer-events: auto;\"\u001b[39m\n        \u001b[36m/>\u001b[39m\n        \u001b[36m<div\u001b[39m\n          \u001b[33maria-describedby\u001b[39m=\u001b[32m\"radix-:rk:\"\u001b[39m\n          \u001b[33maria-labelledby\u001b[39m=\u001b[32m\"radix-:rj:\"\u001b[39m\n          \u001b[33mclass\u001b[39m=\u001b[32m\"fixed left-[50%] top-[50%] z-50 w-full max-w-lg translate-x-[-50%] translate-y-[-50%] gap-4 border bg-background p-6 shadow-lg duration-200 data-[state=open]:animate-in data-[state=closed]:animate-out data-[state=closed]:fade-out-0 data-[state=open]:fade-in-0 data-[state=closed]:zoom-out-95 data-[state=open]:zoom-in-95 data-[state=closed]:slide-out-to-left-1/2 data-[state=closed]:slide-out-to-top-[48%] data-[state=open]:slide-in-from-left-1/2 data-[state=open]:slide-in-from-top-[48%] sm:rounded-lg sm:max-w-4xl max-h-[90vh] flex flex-col\"\u001b[39m\n          \u001b[33mdata-state\u001b[39m=\u001b[32m\"open\"\u001b[39m\n          \u001b[33mid\u001b[39m=\u001b[32m\"radix-:ri:\"\u001b[39m\n          \u001b[33mrole\u001b[39m=\u001b[32m\"dialog\"\u001b[39m\n          \u001b[33mstyle\u001b[39m=\u001b[32m\"pointer-events: auto;\"\u001b[39m\n          \u001b[33mtabindex\u001b[39m=\u001b[32m\"-1\"\u001b[39m\n        \u001b[36m>\u001b[39m\n          \u001b[36m<div\u001b[39m\n            \u001b[33mclass\u001b[39m=\u001b[32m\"flex flex-col space-y-1.5 text-center sm:text-left flex-shrink-0\"\u001b[39m\n          \u001b[36m>\u001b[39m\n            \u001b[36m<h2\u001b[39m\n              \u001b[33mclass\u001b[39m=\u001b[32m\"text-lg font-semibold leading-none tracking-tight\"\u001b[39m\n              \u001b[33mid\u001b[39m=\u001b[32m\"radix-:rj:\"\u001b[39m\n            \u001b[36m>\u001b[39m\n              \u001b[0mAdd Security\u001b[0m\n            \u001b[36m</h2>\u001b[39m\n            \u001b[36m<p\u001b[39m\n              \u001b[33mclass\u001b[39m=\u001b[32m\"text-sm text-muted-foreground\"\u001b[39m\n              \u001b[33mid\u001b[39m=\u001b[32m\"radix-:rk:\"\u001b[39m\n            \u001b[36m>\u001b[39m\n              \u001b[0mSearch for a security and add purchase lots to your portfolio\u001b[0m\n            \u001b[36m</p>\u001b[39m\n          \u001b[36m</div>\u001b[39m\n          \u001b[36m<div\u001b[39m\n            \u001b[33mclass\u001b[39m=\u001b[32m\"flex-1 overflow-y-auto space-y-4 min-h-0\"\u001b[39m\n          \u001b[36m>\u001b[39m\n            \u001b[36m<div\u001b[39m\n              \u001b[33mclass\u001b[39m=\u001b[32m\"flex gap-2\"\u001b[39m\n            \u001b[36m>\u001b[39m\n              \u001b[36m<div\u001b[39m\n                \u001b[33mclass\u001b[39m=\u001b[32m\"relative flex-1\"\u001b[39m\n              \u001b[36m>\u001b[39m\n                \u001b[36m<svg\u001b[39m\n                  \u001b[33mclass\u001b[39m=\u001b[32m\"lucide lucide-search absolute left-2.5 top-2.5 h-4 w-4 text-muted-foreground\"\u001b[39m\n                  \u001b[33mfill\u001b[39m=\u001b[32m\"none\"\u001b[39m\n                  \u001b[33mheight\u001b[39m=\u001b[32m\"24\"\u001b[39m\n                  \u001b[33mstroke\u001b[39m=\u001b[32m\"currentColor\"\u001b[39m\n                  \u001b[33mstroke-linecap\u001b[39m=\u001b[32m\"round\"\u001b[39m\n                  \u001b[33mstroke-linejoin\u001b[39m=\u001b[32m\"round\"\u001b[39m\n                  \u001b[33mstroke-width\u001b[39m=\u001b[32m\"2\"\u001b[39m\n                  \u001b[33mviewBox\u001b[39m=\u001b[32m\"0 0 24 24\"\u001b[39m\n                  \u001b[33mwidth\u001b[39m=\u001b[32m\"24\"\u001b[39m\n                  \u001b[33mxmlns\u001b[39m=\u001b[32m\"http://www.w3.org/2000/svg\"\u001b[39m\n                \u001b[36m>\u001b[39m\n                  \u001b[36m<circle\u001b[39m\n                    \u001b[33mcx\u001b[39m=\u001b[32m\"11\"\u001b[39m\n                    \u001b[33mcy\u001b[39m=\u001b[32m\"11\"\u001b[39m\n                    \u001b[33mr\u001b[39m=\u001b[32m\"8\"\u001b[39m\n                  \u001b[36m/>\u001b[39m\n                  \u001b[36m<path\u001b[39m\n                    \u001b[33md\u001b[39m=\u001b[32m\"m21 21-4.3-4.3\"\u001b[39m\n                  \u001b[36m/>\u001b[39m\n                \u001b[36m</svg>\u001b[39m\n                \u001b[36m<input\u001b[39m\n                  \u001b[33mclass\u001b[39m=\u001b[32m\"flex h-10 w-full rounded-md border border-input bg-background px-3 py-2 text-sm ring-offset-background file:border-0 file:bg-transparent file:text-sm file:font-medium file:text-foreground placeholder:text-muted-foreground focus-visible:outline-none focus-visible:ring-2 focus-visible:ring-ring focus-visible:ring-offset-2 disabled:cursor-not-allowed disabled:opacity-50 pl-8\"\u001b[39m\n                  \u001b[33mplaceholder\u001b[39m=\u001b[32m\"Search by symbol or company name...\"\u001b[39m\n                  \u001b[33mtype\u001b[39m=\u001b[32m\"search\"\u001b[39m\n                  \u001b[33mvalue\u001b[39m=\u001b[32m\"AAPL\"\u001b[39m\n                \u001b[36m/>\u001b[39m\n              \u001b[36m</div>\u001b[39m\n              \u001b[36m<button\u001b[39m\n                \u001b[33mclass\u001b[39m=\u001b[32m\"inline-flex items-center justify-center whitespace-nowrap rounded-md text-sm font-medium ring-offset-background transition-colors focus-visible:outline-none focus-visible:ring-2 focus-visible:ring-ring focus-visible:ring-offset-2 disabled:pointer-events-none disabled:opacity-50 bg-primary text-primary-foreground hover:bg-primary/90 h-10 px-4 py-2\"\u001b[39m\n              \u001b[36m>\u001b[39m\n                \u001b[0mSearch\u001b[0m\n              \u001b[36m</button>\u001b[39m\n            \u001b[36m</div>\u001b[39m\n          \u001b[36m</div>\u001b[39m\n          \u001b[36m<div\u001b[39m\n            \u001b[33mclass\u001b[39m=\u001b[32m\"flex flex-col-reverse sm:flex-row sm:justify-end sm:space-x-2 flex-shrink-0 border-t pt-4\"\u001b[39m\n          \u001b[36m>\u001b[39m\n            \u001b[36m<button\u001b[39m\n              \u001b[33mclass\u001b[39m=\u001b[32m\"inline-flex items-center justify-center whitespace-nowrap rounded-md text-sm font-medium ring-offset-background transition-colors focus-visible:outline-none focus-visible:ring-2 focus-visible:ring-ring focus-visible:ring-offset-2 disabled:pointer-events-none disabled:opacity-50 border border-input bg-background hover:bg-accent hover:text-accent-foreground h-10 px-4 py-2\"\u001b[39m\n            \u001b[36m>\u001b[39m\n              \u001b[0mCancel\u001b[0m\n            \u001b[36m</button>\u001b[39m\n            \u001b[36m<button\u001b[39m\n              \u001b[33mclass\u001b[39m=\u001b[32m\"inline-flex items-center justify-center whitespace-nowrap rounded-md text-sm font-medium ring-offset-background transition-colors focus-visible:outline-none focus-visible:ring-2 focus-visible:ring-ring focus-visible:ring-offset-2 disabled:pointer-events-none disabled:opacity-50 bg-primary text-primary-foreground hover:bg-primary/90 h-10 px-4 py-2\"\u001b[39m\n            \u001b[36m>\u001b[39m\n              \u001b[0mAdd Security\u001b[0m\n            \u001b[36m</button>\u001b[39m\n          \u001b[36m</div>\u001b[39m\n          \u001b[36m<button\u001b[39m\n            \u001b[33mclass\u001b[39m=\u001b[32m\"absolute right-4 top-4 rounded-sm opacity-70 ring-offset-background transition-opacity hover:opacity-100 focus:outline-none focus:ring-2 focus:ring-ring focus:ring-offset-2 disabled:pointer-events-none data-[state=open]:bg-accent data-[state=open]:text-muted-foreground\"\u001b[39m\n            \u001b[33mtype\u001b[39m=\u001b[32m\"button\"\u001b[39m\n          \u001b[36m>\u001b[39m\n            \u001b[36m<svg\u001b[39m\n              \u001b[33mclass\u001b[39m=\u001b[32m\"lucide lucide-x h-4 w-4\"\u001b[39m\n              \u001b[33mfill\u001b[39m=\u001b[32m\"none\"\u001b[39m\n              \u001b[33mheight\u001b[39m=\u001b[32m\"24\"\u001b[39m\n              \u001b[33mstroke\u001b[39m=\u001b[32m\"currentColor\"\u001b[39m\n              \u001b[33mstroke-linecap\u001b[39m=\u001b[32m\"round\"\u001b[39m\n              \u001b[33mstroke-linejoin\u001b[39m=\u001b[32m\"round\"\u001b[39m\n              \u001b[33mstroke-width\u001b[39m=\u001b[32m\"2\"\u001b[39m\n              \u001b[33mviewBox\u001b[39m=\u001b[32m\"0 0 24 24\"\u001b[39m\n              \u001b[33mwidth\u001b[39m=\u001b[32m\"24\"\u001b[39m\n              \u001b[33mxmlns\u001b[39m=\u001b[32m\"http://www.w3.org/2000/svg\"\u001b[39m\n            \u001b[36m>\u001b[39m\n              \u001b[36m<path\u001b[39m\n                \u001b[33md\u001b[39m=\u001b[32m\"M18 6 6 18\"\u001b[39m\n              \u001b[36m/>\u001b[39m\n              \u001b[36m<path\u001b[39m\n                \u001b[33md\u001b[39m=\u001b[32m\"m6 6 12 12\"\u001b[39m\n              \u001b[36m/>\u001b[39m\n            \u001b[36m</svg>\u001b[39m\n            \u001b[36m<span\u001b[39m\n              \u001b[33mclass\u001b[39m=\u001b[32m\"sr-only\"\u001b[39m\n            \u001b[36m>\u001b[39m\n              \u001b[0mClose\u001b[0m\n            \u001b[36m</span>\u001b[39m\n          \u001b[36m</button>\u001b[39m\n        \u001b[36m</div>\u001b[39m\n      \u001b[36m</div>\u001b[39m\n      \u001b[36m<span\u001b[39m\n        \u001b[33maria-hidden\u001b[39m=\u001b[32m\"true\"\u001b[39m\n        \u001b[33mdata-aria-hidden\u001b[39m=\u001b[32m\"true\"\u001b[39m\n        \u001b[33mdata-radix-focus-guard\u001b[39m=\u001b[32m\"\"\u001b[39m\n        \u001b[33mstyle\u001b[39m=\u001b[32m\"outline: none; opacity: 0; position: fixed; pointer-events: none;\"\u001b[39m\n        \u001b[33mtabindex\u001b[39m=\u001b[32m\"0\"\u001b[39m\n      \u001b[36m/>\u001b[39m\n    \u001b[36m</body>\u001b[39m\n\u001b[2m\u001b[22m\n\u001b[2m    \u001b[0m \u001b[90m 376 |\u001b[39m\u001b[22m\n\u001b[2m     \u001b[90m 377 |\u001b[39m     \u001b[90m// Wait for search results to appear\u001b[39m\u001b[22m\n\u001b[2m    \u001b[31m\u001b[1m>\u001b[22m\u001b[2m\u001b[39m\u001b[90m 378 |\u001b[39m     \u001b[36mawait\u001b[39m waitFor(() \u001b[33m=>\u001b[39m {\u001b[22m\n\u001b[2m     \u001b[90m     |\u001b[39m                  \u001b[31m\u001b[1m^\u001b[22m\u001b[2m\u001b[39m\u001b[22m\n\u001b[2m     \u001b[90m 379 |\u001b[39m       expect(screen\u001b[33m.\u001b[39mgetByText(\u001b[32m'AAPL'\u001b[39m))\u001b[33m.\u001b[39mtoBeInTheDocument()\u001b[33m;\u001b[39m\u001b[22m\n\u001b[2m     \u001b[90m 380 |\u001b[39m     }\u001b[33m,\u001b[39m { timeout\u001b[33m:\u001b[39m \u001b[35m3000\u001b[39m })\u001b[33m;\u001b[39m\u001b[22m\n\u001b[2m     \u001b[90m 381 |\u001b[39m     \u001b[0m\u001b[22m\n\u001b[2m\u001b[22m\n\u001b[2m      \u001b[2mat waitForWrapper (\u001b[22m\u001b[2mnode_modules/@testing-library/react/node_modules/@testing-library/dom/dist/wait-for.js\u001b[2m:166:27)\u001b[22m\u001b[2m\u001b[22m\n\u001b[2m      \u001b[2mat Object.<anonymous> (\u001b[22m\u001b[2m\u001b[0m\u001b[36m__tests__/components/add-security-dialog-integration.test.tsx\u001b[39m\u001b[0m\u001b[2m:378:18)\u001b[22m\u001b[2m\u001b[22m\n","name":"/Users/philipclapper/workspace/ai-income-investor/__tests__/components/add-security-dialog-integration.test.tsx","startTime":1751147749202,"status":"failed","summary":""}],"wasInterrupted":false}
